<?xml version="1.0" encoding="UTF-8" ?>
<testsuite tests="53" failures="19" name="TestSuite" time="65.538" errors="0" skipped="34">
  <properties>
    <property name="JOB_NAME" value="MavenSample"/>
    <property name="java.vendor" value="Oracle Corporation"/>
    <property name="sun.java.launcher" value="SUN_STANDARD"/>
    <property name="NUMBER_OF_PROCESSORS" value="4"/>
    <property name="sun.management.compiler" value="HotSpot 64-Bit Tiered Compilers"/>
    <property name="JENKINS_HOME" value="C:\Users\swapnil.kadale\.jenkins"/>
    <property name="FPS_BROWSER_USER_PROFILE_STRING" value="Default"/>
    <property name="HUDSON_SERVER_COOKIE" value="8d1586f3498c6a8b"/>
    <property name="POM_ARTIFACTID" value="CheckACMT"/>
    <property name="os.name" value="Windows 10"/>
    <property name="EXECUTOR_NUMBER" value="1"/>
    <property name="sun.desktop" value="windows"/>
    <property name="PATHEXT" value=".COM;.EXE;.BAT;.CMD;.VBS;.VBE;.JS;.JSE;.WSF;.WSH;.MSC"/>
    <property name="POM_DISPLAYNAME" value="CheckACMT"/>
    <property name="java.vm.specification.vendor" value="Oracle Corporation"/>
    <property name="TEMP" value="C:\Users\SWAPNI~1.KAD\AppData\Local\Temp"/>
    <property name="NODE_LABELS" value="master"/>
    <property name="java.runtime.version" value="12.0.1+12"/>
    <property name="FPS_BROWSER_APP_PROFILE_STRING" value="Internet Explorer"/>
    <property name="user.name" value="swapnil.kadale"/>
    <property name="guice.disable.misplaced.annotation.check" value="true"/>
    <property name="CommonProgramW6432" value="C:\Program Files\Common Files"/>
    <property name="ProgramFiles" value="C:\Program Files"/>
    <property name="PROMPT" value="$P$G"/>
    <property name="user.language" value="en"/>
    <property name="JOB_BASE_NAME" value="MavenSample"/>
    <property name="RUN_CHANGES_DISPLAY_URL" value="http://localhost:9090/job/MavenSample/6/display/redirect?page=changes"/>
    <property name="BUILD_DISPLAY_NAME" value="#6"/>
    <property name="OneDrive" value="C:\Users\swapnil.kadale\OneDrive"/>
    <property name="sun.boot.library.path" value="C:\Program Files\Java\jdk-12.0.1\bin"/>
    <property name="java.vm.compressedOopsMode" value="32-bit"/>
    <property name="LOCALAPPDATA" value="C:\Users\swapnil.kadale\AppData\Local"/>
    <property name="java.version" value="12.0.1"/>
    <property name="user.timezone" value="Asia/Calcutta"/>
    <property name="PROCESSOR_LEVEL" value="6"/>
    <property name="USERNAME" value="swapnil.kadale"/>
    <property name="sun.arch.data.model" value="64"/>
    <property name="NODE_NAME" value="master"/>
    <property name="BUILD_ID" value="6"/>
    <property name="sun.cpu.isalist" value="amd64"/>
    <property name="sun.jnu.encoding" value="Cp1252"/>
    <property name="maven.conf" value="D:\apache-maven-3.6.2\conf"/>
    <property name="HOMEDRIVE" value="C:"/>
    <property name="file.separator" value="\"/>
    <property name="java.specification.name" value="Java Platform API Specification"/>
    <property name="java.class.version" value="56.0"/>
    <property name="=::" value="::\"/>
    <property name="org.slf4j.simpleLogger.defaultLogLevel" value="info"/>
    <property name="user.country" value="IN"/>
    <property name="ALLUSERSPROFILE" value="C:\ProgramData"/>
    <property name="java.home" value="C:\Program Files\Java\jdk-12.0.1"/>
    <property name="java.vm.info" value="mixed mode, sharing"/>
    <property name="os.version" value="10.0"/>
    <property name="=ExitCode" value="00000000"/>
    <property name="RUN_DISPLAY_URL" value="http://localhost:9090/job/MavenSample/6/display/redirect"/>
    <property name="POM_VERSION" value="0.0.1-SNAPSHOT"/>
    <property name="TMP" value="C:\Users\SWAPNI~1.KAD\AppData\Local\Temp"/>
    <property name="path.separator" value=";"/>
    <property name="java.vm.version" value="12.0.1+12"/>
    <property name="user.variant" value=""/>
    <property name="CommonProgramFiles(x86)" value="C:\Program Files (x86)\Common Files"/>
    <property name="JOB_DISPLAY_URL" value="http://localhost:9090/job/MavenSample/display/redirect"/>
    <property name="USERDOMAIN_ROAMINGPROFILE" value="LEARNINGMATEMUM"/>
    <property name="CommonProgramFiles" value="C:\Program Files\Common Files"/>
    <property name="sun.io.unicode.encoding" value="UnicodeLittle"/>
    <property name="JAVA_HOME" value="C:\Program Files\Java\jdk-12.0.1"/>
    <property name="ComSpec" value="C:\Windows\system32\cmd.exe"/>
    <property name="USERDNSDOMAIN" value="LEARNINGMATEMUMBAI.LOCAL"/>
    <property name="HOMEPATH" value="\Users\swapnil.kadale"/>
    <property name="awt.toolkit" value="sun.awt.windows.WToolkit"/>
    <property name="POM_PACKAGING" value="jar"/>
    <property name="COMPUTERNAME" value="SWAPNILK"/>
    <property name="user.script" value=""/>
    <property name="POM_GROUPID" value="ACMTCheck"/>
    <property name="user.home" value="C:\Users\swapnil.kadale"/>
    <property name="PUBLIC" value="C:\Users\Public"/>
    <property name="BUILD_TAG" value="jenkins-MavenSample-6"/>
    <property name="JENKINS_SERVER_COOKIE" value="8d1586f3498c6a8b"/>
    <property name="HUDSON_URL" value="http://localhost:9090/"/>
    <property name="ProgramData" value="C:\ProgramData"/>
    <property name="java.version.date" value="2019-04-16"/>
    <property name="java.specification.vendor" value="Oracle Corporation"/>
    <property name="USERPROFILE" value="C:\Users\swapnil.kadale"/>
    <property name="CLASSPATH" value=""/>
    <property name="java.library.path" value="C:\Program Files\Java\jdk-12.0.1\bin;C:\Windows\Sun\Java\bin;C:\Windows\system32;C:\Windows;D:\apache-maven-3.6.2/bin;C:\Program Files\Java\jdk-12.0.1/bin;C:\Program Files\Java\jdk-12.0.1/bin;C:\Windows\system32;C:\Windows;C:\Windows\System32\Wbem;C:\Windows\System32\WindowsPowerShell\v1.0\;C:\Windows\System32\OpenSSH\;C:\Program Files\TortoiseSVN\bin;C:\Program Files\Java\jdk-12.0.1\bin;C:\Program Files\nodejs\;C:\Program Files\Microsoft SQL Server\Client SDK\ODBC\130\Tools\Binn\;C:\Program Files (x86)\Microsoft SQL Server\140\Tools\Binn\;C:\Program Files\Microsoft SQL Server\140\Tools\Binn\;C:\Program Files\Microsoft SQL Server\140\DTS\Binn\;C:\Program Files (x86)\Microsoft SQL Server\150\DTS\Binn\;C:\Users\swapnil.kadale\AppData\Local\Microsoft\WindowsApps;C:\Users\swapnil.kadale\AppData\Roaming\npm;."/>
    <property name="java.vendor.url" value="https://java.oracle.com/"/>
    <property name="java.vm.vendor" value="Oracle Corporation"/>
    <property name="APPDATA" value="C:\Users\swapnil.kadale\AppData\Roaming"/>
    <property name="java.runtime.name" value="Java(TM) SE Runtime Environment"/>
    <property name="maven.home" value="D:\apache-maven-3.6.2"/>
    <property name="java.class.path" value="C:\Users\swapnil.kadale\.jenkins\plugins\maven-plugin\WEB-INF\lib\maven35-agent-1.13.jar;D:\apache-maven-3.6.2\boot\plexus-classworlds-2.6.0.jar;D:\apache-maven-3.6.2/conf/logging"/>
    <property name="sun.java.command" value="jenkins.maven3.agent.Maven35Main D:\apache-maven-3.6.2 C:\Users\swapnil.kadale\.jenkins\war\WEB-INF\lib\remoting-3.33.jar C:\Users\swapnil.kadale\.jenkins\plugins\maven-plugin\WEB-INF\lib\maven35-interceptor-1.13.jar C:\Users\swapnil.kadale\.jenkins\plugins\maven-plugin\WEB-INF\lib\maven3-interceptor-commons-1.13.jar 54806"/>
    <property name="Path" value="C:\Program Files\Java\jdk-12.0.1/bin;C:\Windows\system32;C:\Windows;C:\Windows\System32\Wbem;C:\Windows\System32\WindowsPowerShell\v1.0\;C:\Windows\System32\OpenSSH\;C:\Program Files\TortoiseSVN\bin;C:\Program Files\Java\jdk-12.0.1\bin;C:\Program Files\nodejs\;C:\Program Files\Microsoft SQL Server\Client SDK\ODBC\130\Tools\Binn\;C:\Program Files (x86)\Microsoft SQL Server\140\Tools\Binn\;C:\Program Files\Microsoft SQL Server\140\Tools\Binn\;C:\Program Files\Microsoft SQL Server\140\DTS\Binn\;C:\Program Files (x86)\Microsoft SQL Server\150\DTS\Binn\;C:\Users\swapnil.kadale\AppData\Local\Microsoft\WindowsApps;C:\Users\swapnil.kadale\AppData\Roaming\npm"/>
    <property name="jdk.debug" value="release"/>
    <property name="PROCESSOR_ARCHITECTURE" value="AMD64"/>
    <property name="java.vm.specification.name" value="Java Virtual Machine Specification"/>
    <property name="PATH+JDK" value="C:\Program Files\Java\jdk-12.0.1/bin"/>
    <property name="SESSIONNAME" value="Console"/>
    <property name="PROCESSOR_IDENTIFIER" value="Intel64 Family 6 Model 60 Stepping 3, GenuineIntel"/>
    <property name="java.vm.specification.version" value="12"/>
    <property name="M2_HOME" value="D:\apache-maven-3.6.2"/>
    <property name="sun.cpu.endian" value="little"/>
    <property name="sun.os.patch.level" value=""/>
    <property name="OS" value="Windows_NT"/>
    <property name="java.io.tmpdir" value="C:\Users\SWAPNI~1.KAD\AppData\Local\Temp\"/>
    <property name="=D:" value="D:\Jenkins"/>
    <property name="HUDSON_HOME" value="C:\Users\swapnil.kadale\.jenkins"/>
    <property name="PATH+MAVEN" value="D:\apache-maven-3.6.2/bin"/>
    <property name="ProgramFiles(x86)" value="C:\Program Files (x86)"/>
    <property name="java.vendor.url.bug" value="https://bugreport.java.com/bugreport/"/>
    <property name="BUILD_URL" value="http://localhost:9090/job/MavenSample/6/"/>
    <property name="SystemRoot" value="C:\Windows"/>
    <property name="os.arch" value="amd64"/>
    <property name="java.awt.graphicsenv" value="sun.awt.Win32GraphicsEnvironment"/>
    <property name="user.dir" value="D:\Swapnil - Eclipse Work Space\CheckACMT"/>
    <property name="JOB_URL" value="http://localhost:9090/job/MavenSample/"/>
    <property name="LOGONSERVER" value="\\MARCUSDC"/>
    <property name="USERDOMAIN" value="LEARNINGMATEMUM"/>
    <property name="MAVEN_HOME" value="D:\apache-maven-3.6.2"/>
    <property name="line.separator" value="
"/>
    <property name="java.vm.name" value="Java HotSpot(TM) 64-Bit Server VM"/>
    <property name="BUILD_NUMBER" value="6"/>
    <property name="PROCESSOR_REVISION" value="3c03"/>
    <property name="JENKINS_URL" value="http://localhost:9090/"/>
    <property name="ProgramW6432" value="C:\Program Files"/>
    <property name="windir" value="C:\Windows"/>
    <property name="=C:" value="C:\Users\swapnil.kadale"/>
    <property name="file.encoding" value="Cp1252"/>
    <property name="SystemDrive" value="C:"/>
    <property name="maven3.interceptor" value="C:\Users\swapnil.kadale\.jenkins\plugins\maven-plugin\WEB-INF\lib\maven35-interceptor-1.13.jar"/>
    <property name="WORKSPACE" value="C:\Users\swapnil.kadale\.jenkins\workspace\MavenSample"/>
    <property name="maven3.interceptor.common" value="C:\Users\swapnil.kadale\.jenkins\plugins\maven-plugin\WEB-INF\lib\maven3-interceptor-commons-1.13.jar"/>
    <property name="PSModulePath" value="C:\Program Files (x86)\WindowsPowerShell\Modules;C:\Windows\system32\WindowsPowerShell\v1.0\Modules;C:\Program Files (x86)\AutoIt3\AutoItX;C:\Program Files (x86)\Microsoft SQL Server\140\Tools\PowerShell\Modules\"/>
    <property name="java.specification.version" value="12"/>
    <property name="DriverData" value="C:\Windows\System32\Drivers\DriverData"/>
  </properties>
  <testcase classname="com.acmt.testcases.TestBuildYourOwnThreePage" name="setUp" time="10.824">
    <failure message="session not created: This version of ChromeDriver only supports Chrome version 79
Build info: version: &apos;4.0.0-alpha-2&apos;, revision: &apos;f148142cf8&apos;, time: &apos;2019-07-01T20:55:26&apos;
System info: host: &apos;SWAPNILK&apos;, ip: &apos;172.17.7.90&apos;, os.name: &apos;Windows 10&apos;, os.arch: &apos;amd64&apos;, os.version: &apos;10.0&apos;, java.version: &apos;12.0.1&apos;
Driver info: driver.version: ChromeDriver
remote stacktrace: Backtrace:
	Ordinal0 [0x007F9F93+1548179]
	Ordinal0 [0x0077DC51+1039441]
	Ordinal0 [0x006FE495+517269]
	Ordinal0 [0x0068FD34+64820]
	Ordinal0 [0x0068C61E+50718]
	Ordinal0 [0x006AB797+178071]
	Ordinal0 [0x006AB59D+177565]
	Ordinal0 [0x006A95FB+169467]
	Ordinal0 [0x0069160A+71178]
	Ordinal0 [0x00692690+75408]
	Ordinal0 [0x00692629+75305]
	Ordinal0 [0x00797047+1142855]
	GetHandleVerifier [0x00892996+507766]
	GetHandleVerifier [0x008926B4+507028]
	GetHandleVerifier [0x00899D97+537463]
	GetHandleVerifier [0x00893252+510002]
	Ordinal0 [0x0078F12C+1110316]
	Ordinal0 [0x0079921B+1151515]
	Ordinal0 [0x00799383+1151875]
	Ordinal0 [0x00798285+1147525]
	BaseThreadInitThunk [0x76DC6359+25]
	RtlGetAppContainerNamedObjectPath [0x76F07B74+228]
	RtlGetAppContainerNamedObjectPath [0x76F07B44+180]
" type="org.openqa.selenium.SessionNotCreatedException">org.openqa.selenium.SessionNotCreatedException: session not created: This version of ChromeDriver only supports Chrome version 79
Build info: version: &apos;4.0.0-alpha-2&apos;, revision: &apos;f148142cf8&apos;, time: &apos;2019-07-01T20:55:26&apos;
System info: host: &apos;SWAPNILK&apos;, ip: &apos;172.17.7.90&apos;, os.name: &apos;Windows 10&apos;, os.arch: &apos;amd64&apos;, os.version: &apos;10.0&apos;, java.version: &apos;12.0.1&apos;
Driver info: driver.version: ChromeDriver
remote stacktrace: Backtrace:
	Ordinal0 [0x007F9F93+1548179]
	Ordinal0 [0x0077DC51+1039441]
	Ordinal0 [0x006FE495+517269]
	Ordinal0 [0x0068FD34+64820]
	Ordinal0 [0x0068C61E+50718]
	Ordinal0 [0x006AB797+178071]
	Ordinal0 [0x006AB59D+177565]
	Ordinal0 [0x006A95FB+169467]
	Ordinal0 [0x0069160A+71178]
	Ordinal0 [0x00692690+75408]
	Ordinal0 [0x00692629+75305]
	Ordinal0 [0x00797047+1142855]
	GetHandleVerifier [0x00892996+507766]
	GetHandleVerifier [0x008926B4+507028]
	GetHandleVerifier [0x00899D97+537463]
	GetHandleVerifier [0x00893252+510002]
	Ordinal0 [0x0078F12C+1110316]
	Ordinal0 [0x0079921B+1151515]
	Ordinal0 [0x00799383+1151875]
	Ordinal0 [0x00798285+1147525]
	BaseThreadInitThunk [0x76DC6359+25]
	RtlGetAppContainerNamedObjectPath [0x76F07B74+228]
	RtlGetAppContainerNamedObjectPath [0x76F07B44+180]

	at java.base/jdk.internal.reflect.NativeConstructorAccessorImpl.newInstance0(Native Method)
	at java.base/jdk.internal.reflect.NativeConstructorAccessorImpl.newInstance(NativeConstructorAccessorImpl.java:62)
	at java.base/jdk.internal.reflect.DelegatingConstructorAccessorImpl.newInstance(DelegatingConstructorAccessorImpl.java:45)
	at java.base/java.lang.reflect.Constructor.newInstanceWithCaller(Constructor.java:500)
	at java.base/java.lang.reflect.Constructor.newInstance(Constructor.java:481)
	at org.openqa.selenium.remote.W3CHandshakeResponse.lambda$errorHandler$0(W3CHandshakeResponse.java:62)
	at org.openqa.selenium.remote.HandshakeResponse.lambda$getResponseFunction$0(HandshakeResponse.java:30)
	at org.openqa.selenium.remote.ProtocolHandshake.lambda$createSession$1(ProtocolHandshake.java:127)
	at java.base/java.util.stream.ReferencePipeline$3$1.accept(ReferencePipeline.java:195)
	at java.base/java.util.Spliterators$ArraySpliterator.tryAdvance(Spliterators.java:958)
	at java.base/java.util.stream.ReferencePipeline.forEachWithCancel(ReferencePipeline.java:127)
	at java.base/java.util.stream.AbstractPipeline.copyIntoWithCancel(AbstractPipeline.java:502)
	at java.base/java.util.stream.AbstractPipeline.copyInto(AbstractPipeline.java:488)
	at java.base/java.util.stream.AbstractPipeline.wrapAndCopyInto(AbstractPipeline.java:474)
	at java.base/java.util.stream.FindOps$FindOp.evaluateSequential(FindOps.java:150)
	at java.base/java.util.stream.AbstractPipeline.evaluate(AbstractPipeline.java:234)
	at java.base/java.util.stream.ReferencePipeline.findFirst(ReferencePipeline.java:543)
	at org.openqa.selenium.remote.ProtocolHandshake.createSession(ProtocolHandshake.java:129)
	at org.openqa.selenium.remote.ProtocolHandshake.createSession(ProtocolHandshake.java:75)
	at org.openqa.selenium.remote.HttpCommandExecutor.execute(HttpCommandExecutor.java:139)
	at org.openqa.selenium.remote.service.DriverCommandExecutor.execute(DriverCommandExecutor.java:83)
	at org.openqa.selenium.remote.RemoteWebDriver.execute(RemoteWebDriver.java:576)
	at org.openqa.selenium.remote.RemoteWebDriver.startSession(RemoteWebDriver.java:210)
	at org.openqa.selenium.remote.RemoteWebDriver.&lt;init&gt;(RemoteWebDriver.java:130)
	at org.openqa.selenium.chromium.ChromiumDriver.&lt;init&gt;(ChromiumDriver.java:73)
	at org.openqa.selenium.chrome.ChromeDriver.&lt;init&gt;(ChromeDriver.java:163)
	at org.openqa.selenium.chrome.ChromeDriver.&lt;init&gt;(ChromeDriver.java:150)
	at org.openqa.selenium.chrome.ChromeDriver.&lt;init&gt;(ChromeDriver.java:105)
	at com.acmt.setUp.SetUp.initialization(SetUp.java:33)
	at com.acmt.testcases.TestBuildYourOwnThreePage.setUp(TestBuildYourOwnThreePage.java:38)
</failure>
    <system-out>Configuring TestNG with: org.apache.maven.surefire.testng.conf.TestNG652Configurator@233c0b17
</system-out>
    <system-err>Starting ChromeDriver 79.0.3945.16 (93fcc21110c10dbbd49bbff8f472335360e31d05-refs/branch-heads/3945@{#262}) on port 18792
Only local connections are allowed.
Please protect ports used by ChromeDriver and related test frameworks to prevent access by malicious code.
</system-err>
  </testcase>
  <testcase classname="com.acmt.testcases.TestBuildYourOwnThreePage" name="verifyCreateNewTaxonomy" time="0.001">
    <skipped/>
  </testcase>
  <testcase classname="com.acmt.testcases.TestBuildYourOwnThreePage" name="tearDown" time="0.001">
    <skipped/>
  </testcase>
  <testcase classname="com.acmt.testcases.TestCreateProjectStepTwoPage" name="setUp" time="3.51">
    <failure message="session not created: This version of ChromeDriver only supports Chrome version 79
Build info: version: &apos;4.0.0-alpha-2&apos;, revision: &apos;f148142cf8&apos;, time: &apos;2019-07-01T20:55:26&apos;
System info: host: &apos;SWAPNILK&apos;, ip: &apos;172.17.7.90&apos;, os.name: &apos;Windows 10&apos;, os.arch: &apos;amd64&apos;, os.version: &apos;10.0&apos;, java.version: &apos;12.0.1&apos;
Driver info: driver.version: ChromeDriver
remote stacktrace: Backtrace:
	Ordinal0 [0x007F9F93+1548179]
	Ordinal0 [0x0077DC51+1039441]
	Ordinal0 [0x006FE495+517269]
	Ordinal0 [0x0068FD34+64820]
	Ordinal0 [0x0068C61E+50718]
	Ordinal0 [0x006AB797+178071]
	Ordinal0 [0x006AB59D+177565]
	Ordinal0 [0x006A95FB+169467]
	Ordinal0 [0x0069160A+71178]
	Ordinal0 [0x00692690+75408]
	Ordinal0 [0x00692629+75305]
	Ordinal0 [0x00797047+1142855]
	GetHandleVerifier [0x00892996+507766]
	GetHandleVerifier [0x008926B4+507028]
	GetHandleVerifier [0x00899D97+537463]
	GetHandleVerifier [0x00893252+510002]
	Ordinal0 [0x0078F12C+1110316]
	Ordinal0 [0x0079921B+1151515]
	Ordinal0 [0x00799383+1151875]
	Ordinal0 [0x00798285+1147525]
	BaseThreadInitThunk [0x76DC6359+25]
	RtlGetAppContainerNamedObjectPath [0x76F07B74+228]
	RtlGetAppContainerNamedObjectPath [0x76F07B44+180]
" type="org.openqa.selenium.SessionNotCreatedException">org.openqa.selenium.SessionNotCreatedException: session not created: This version of ChromeDriver only supports Chrome version 79
Build info: version: &apos;4.0.0-alpha-2&apos;, revision: &apos;f148142cf8&apos;, time: &apos;2019-07-01T20:55:26&apos;
System info: host: &apos;SWAPNILK&apos;, ip: &apos;172.17.7.90&apos;, os.name: &apos;Windows 10&apos;, os.arch: &apos;amd64&apos;, os.version: &apos;10.0&apos;, java.version: &apos;12.0.1&apos;
Driver info: driver.version: ChromeDriver
remote stacktrace: Backtrace:
	Ordinal0 [0x007F9F93+1548179]
	Ordinal0 [0x0077DC51+1039441]
	Ordinal0 [0x006FE495+517269]
	Ordinal0 [0x0068FD34+64820]
	Ordinal0 [0x0068C61E+50718]
	Ordinal0 [0x006AB797+178071]
	Ordinal0 [0x006AB59D+177565]
	Ordinal0 [0x006A95FB+169467]
	Ordinal0 [0x0069160A+71178]
	Ordinal0 [0x00692690+75408]
	Ordinal0 [0x00692629+75305]
	Ordinal0 [0x00797047+1142855]
	GetHandleVerifier [0x00892996+507766]
	GetHandleVerifier [0x008926B4+507028]
	GetHandleVerifier [0x00899D97+537463]
	GetHandleVerifier [0x00893252+510002]
	Ordinal0 [0x0078F12C+1110316]
	Ordinal0 [0x0079921B+1151515]
	Ordinal0 [0x00799383+1151875]
	Ordinal0 [0x00798285+1147525]
	BaseThreadInitThunk [0x76DC6359+25]
	RtlGetAppContainerNamedObjectPath [0x76F07B74+228]
	RtlGetAppContainerNamedObjectPath [0x76F07B44+180]

	at java.base/jdk.internal.reflect.NativeConstructorAccessorImpl.newInstance0(Native Method)
	at java.base/jdk.internal.reflect.NativeConstructorAccessorImpl.newInstance(NativeConstructorAccessorImpl.java:62)
	at java.base/jdk.internal.reflect.DelegatingConstructorAccessorImpl.newInstance(DelegatingConstructorAccessorImpl.java:45)
	at java.base/java.lang.reflect.Constructor.newInstanceWithCaller(Constructor.java:500)
	at java.base/java.lang.reflect.Constructor.newInstance(Constructor.java:481)
	at org.openqa.selenium.remote.W3CHandshakeResponse.lambda$errorHandler$0(W3CHandshakeResponse.java:62)
	at org.openqa.selenium.remote.HandshakeResponse.lambda$getResponseFunction$0(HandshakeResponse.java:30)
	at org.openqa.selenium.remote.ProtocolHandshake.lambda$createSession$1(ProtocolHandshake.java:127)
	at java.base/java.util.stream.ReferencePipeline$3$1.accept(ReferencePipeline.java:195)
	at java.base/java.util.Spliterators$ArraySpliterator.tryAdvance(Spliterators.java:958)
	at java.base/java.util.stream.ReferencePipeline.forEachWithCancel(ReferencePipeline.java:127)
	at java.base/java.util.stream.AbstractPipeline.copyIntoWithCancel(AbstractPipeline.java:502)
	at java.base/java.util.stream.AbstractPipeline.copyInto(AbstractPipeline.java:488)
	at java.base/java.util.stream.AbstractPipeline.wrapAndCopyInto(AbstractPipeline.java:474)
	at java.base/java.util.stream.FindOps$FindOp.evaluateSequential(FindOps.java:150)
	at java.base/java.util.stream.AbstractPipeline.evaluate(AbstractPipeline.java:234)
	at java.base/java.util.stream.ReferencePipeline.findFirst(ReferencePipeline.java:543)
	at org.openqa.selenium.remote.ProtocolHandshake.createSession(ProtocolHandshake.java:129)
	at org.openqa.selenium.remote.ProtocolHandshake.createSession(ProtocolHandshake.java:75)
	at org.openqa.selenium.remote.HttpCommandExecutor.execute(HttpCommandExecutor.java:139)
	at org.openqa.selenium.remote.service.DriverCommandExecutor.execute(DriverCommandExecutor.java:83)
	at org.openqa.selenium.remote.RemoteWebDriver.execute(RemoteWebDriver.java:576)
	at org.openqa.selenium.remote.RemoteWebDriver.startSession(RemoteWebDriver.java:210)
	at org.openqa.selenium.remote.RemoteWebDriver.&lt;init&gt;(RemoteWebDriver.java:130)
	at org.openqa.selenium.chromium.ChromiumDriver.&lt;init&gt;(ChromiumDriver.java:73)
	at org.openqa.selenium.chrome.ChromeDriver.&lt;init&gt;(ChromeDriver.java:163)
	at org.openqa.selenium.chrome.ChromeDriver.&lt;init&gt;(ChromeDriver.java:150)
	at org.openqa.selenium.chrome.ChromeDriver.&lt;init&gt;(ChromeDriver.java:105)
	at com.acmt.setUp.SetUp.initialization(SetUp.java:33)
	at com.acmt.testcases.TestCreateProjectStepTwoPage.setUp(TestCreateProjectStepTwoPage.java:34)
</failure>
    <system-err>Starting ChromeDriver 79.0.3945.16 (93fcc21110c10dbbd49bbff8f472335360e31d05-refs/branch-heads/3945@{#262}) on port 22703
Only local connections are allowed.
Please protect ports used by ChromeDriver and related test frameworks to prevent access by malicious code.
</system-err>
  </testcase>
  <testcase classname="com.acmt.testcases.TestCreateProjectStepTwoPage" name="verifyCreateNewProject" time="0">
    <skipped/>
  </testcase>
  <testcase classname="com.acmt.testcases.TestCreateProjectStepTwoPage" name="tearDown" time="0">
    <failure type="java.lang.NullPointerException">java.lang.NullPointerException
	at com.acmt.testcases.TestCreateProjectStepTwoPage.tearDown(TestCreateProjectStepTwoPage.java:73)
</failure>
  </testcase>
  <testcase classname="com.frost.testcases.TestFrostHomePage" name="setUp" time="3.578">
    <failure message="session not created: This version of ChromeDriver only supports Chrome version 79
Build info: version: &apos;4.0.0-alpha-2&apos;, revision: &apos;f148142cf8&apos;, time: &apos;2019-07-01T20:55:26&apos;
System info: host: &apos;SWAPNILK&apos;, ip: &apos;172.17.7.90&apos;, os.name: &apos;Windows 10&apos;, os.arch: &apos;amd64&apos;, os.version: &apos;10.0&apos;, java.version: &apos;12.0.1&apos;
Driver info: driver.version: ChromeDriver
remote stacktrace: Backtrace:
	Ordinal0 [0x007F9F93+1548179]
	Ordinal0 [0x0077DC51+1039441]
	Ordinal0 [0x006FE495+517269]
	Ordinal0 [0x0068FD34+64820]
	Ordinal0 [0x0068C61E+50718]
	Ordinal0 [0x006AB797+178071]
	Ordinal0 [0x006AB59D+177565]
	Ordinal0 [0x006A95FB+169467]
	Ordinal0 [0x0069160A+71178]
	Ordinal0 [0x00692690+75408]
	Ordinal0 [0x00692629+75305]
	Ordinal0 [0x00797047+1142855]
	GetHandleVerifier [0x00892996+507766]
	GetHandleVerifier [0x008926B4+507028]
	GetHandleVerifier [0x00899D97+537463]
	GetHandleVerifier [0x00893252+510002]
	Ordinal0 [0x0078F12C+1110316]
	Ordinal0 [0x0079921B+1151515]
	Ordinal0 [0x00799383+1151875]
	Ordinal0 [0x00798285+1147525]
	BaseThreadInitThunk [0x76DC6359+25]
	RtlGetAppContainerNamedObjectPath [0x76F07B74+228]
	RtlGetAppContainerNamedObjectPath [0x76F07B44+180]
" type="org.openqa.selenium.SessionNotCreatedException">org.openqa.selenium.SessionNotCreatedException: session not created: This version of ChromeDriver only supports Chrome version 79
Build info: version: &apos;4.0.0-alpha-2&apos;, revision: &apos;f148142cf8&apos;, time: &apos;2019-07-01T20:55:26&apos;
System info: host: &apos;SWAPNILK&apos;, ip: &apos;172.17.7.90&apos;, os.name: &apos;Windows 10&apos;, os.arch: &apos;amd64&apos;, os.version: &apos;10.0&apos;, java.version: &apos;12.0.1&apos;
Driver info: driver.version: ChromeDriver
remote stacktrace: Backtrace:
	Ordinal0 [0x007F9F93+1548179]
	Ordinal0 [0x0077DC51+1039441]
	Ordinal0 [0x006FE495+517269]
	Ordinal0 [0x0068FD34+64820]
	Ordinal0 [0x0068C61E+50718]
	Ordinal0 [0x006AB797+178071]
	Ordinal0 [0x006AB59D+177565]
	Ordinal0 [0x006A95FB+169467]
	Ordinal0 [0x0069160A+71178]
	Ordinal0 [0x00692690+75408]
	Ordinal0 [0x00692629+75305]
	Ordinal0 [0x00797047+1142855]
	GetHandleVerifier [0x00892996+507766]
	GetHandleVerifier [0x008926B4+507028]
	GetHandleVerifier [0x00899D97+537463]
	GetHandleVerifier [0x00893252+510002]
	Ordinal0 [0x0078F12C+1110316]
	Ordinal0 [0x0079921B+1151515]
	Ordinal0 [0x00799383+1151875]
	Ordinal0 [0x00798285+1147525]
	BaseThreadInitThunk [0x76DC6359+25]
	RtlGetAppContainerNamedObjectPath [0x76F07B74+228]
	RtlGetAppContainerNamedObjectPath [0x76F07B44+180]

	at java.base/jdk.internal.reflect.NativeConstructorAccessorImpl.newInstance0(Native Method)
	at java.base/jdk.internal.reflect.NativeConstructorAccessorImpl.newInstance(NativeConstructorAccessorImpl.java:62)
	at java.base/jdk.internal.reflect.DelegatingConstructorAccessorImpl.newInstance(DelegatingConstructorAccessorImpl.java:45)
	at java.base/java.lang.reflect.Constructor.newInstanceWithCaller(Constructor.java:500)
	at java.base/java.lang.reflect.Constructor.newInstance(Constructor.java:481)
	at org.openqa.selenium.remote.W3CHandshakeResponse.lambda$errorHandler$0(W3CHandshakeResponse.java:62)
	at org.openqa.selenium.remote.HandshakeResponse.lambda$getResponseFunction$0(HandshakeResponse.java:30)
	at org.openqa.selenium.remote.ProtocolHandshake.lambda$createSession$1(ProtocolHandshake.java:127)
	at java.base/java.util.stream.ReferencePipeline$3$1.accept(ReferencePipeline.java:195)
	at java.base/java.util.Spliterators$ArraySpliterator.tryAdvance(Spliterators.java:958)
	at java.base/java.util.stream.ReferencePipeline.forEachWithCancel(ReferencePipeline.java:127)
	at java.base/java.util.stream.AbstractPipeline.copyIntoWithCancel(AbstractPipeline.java:502)
	at java.base/java.util.stream.AbstractPipeline.copyInto(AbstractPipeline.java:488)
	at java.base/java.util.stream.AbstractPipeline.wrapAndCopyInto(AbstractPipeline.java:474)
	at java.base/java.util.stream.FindOps$FindOp.evaluateSequential(FindOps.java:150)
	at java.base/java.util.stream.AbstractPipeline.evaluate(AbstractPipeline.java:234)
	at java.base/java.util.stream.ReferencePipeline.findFirst(ReferencePipeline.java:543)
	at org.openqa.selenium.remote.ProtocolHandshake.createSession(ProtocolHandshake.java:129)
	at org.openqa.selenium.remote.ProtocolHandshake.createSession(ProtocolHandshake.java:75)
	at org.openqa.selenium.remote.HttpCommandExecutor.execute(HttpCommandExecutor.java:139)
	at org.openqa.selenium.remote.service.DriverCommandExecutor.execute(DriverCommandExecutor.java:83)
	at org.openqa.selenium.remote.RemoteWebDriver.execute(RemoteWebDriver.java:576)
	at org.openqa.selenium.remote.RemoteWebDriver.startSession(RemoteWebDriver.java:210)
	at org.openqa.selenium.remote.RemoteWebDriver.&lt;init&gt;(RemoteWebDriver.java:130)
	at org.openqa.selenium.chromium.ChromiumDriver.&lt;init&gt;(ChromiumDriver.java:73)
	at org.openqa.selenium.chrome.ChromeDriver.&lt;init&gt;(ChromeDriver.java:163)
	at org.openqa.selenium.chrome.ChromeDriver.&lt;init&gt;(ChromeDriver.java:150)
	at org.openqa.selenium.chrome.ChromeDriver.&lt;init&gt;(ChromeDriver.java:105)
	at com.acmt.setUp.SetUp.initialization(SetUp.java:33)
	at com.frost.testcases.TestFrostHomePage.setUp(TestFrostHomePage.java:29)
</failure>
    <system-err>Starting ChromeDriver 79.0.3945.16 (93fcc21110c10dbbd49bbff8f472335360e31d05-refs/branch-heads/3945@{#262}) on port 12333
Only local connections are allowed.
Please protect ports used by ChromeDriver and related test frameworks to prevent access by malicious code.
</system-err>
  </testcase>
  <testcase classname="com.frost.testcases.TestFrostHomePage" name="verifyFrostHomeTitle" time="0">
    <skipped/>
  </testcase>
  <testcase classname="com.frost.testcases.TestFrostLoginPage" name="setUp" time="3.607">
    <failure message="session not created: This version of ChromeDriver only supports Chrome version 79
Build info: version: &apos;4.0.0-alpha-2&apos;, revision: &apos;f148142cf8&apos;, time: &apos;2019-07-01T20:55:26&apos;
System info: host: &apos;SWAPNILK&apos;, ip: &apos;172.17.7.90&apos;, os.name: &apos;Windows 10&apos;, os.arch: &apos;amd64&apos;, os.version: &apos;10.0&apos;, java.version: &apos;12.0.1&apos;
Driver info: driver.version: ChromeDriver
remote stacktrace: Backtrace:
	Ordinal0 [0x007F9F93+1548179]
	Ordinal0 [0x0077DC51+1039441]
	Ordinal0 [0x006FE495+517269]
	Ordinal0 [0x0068FD34+64820]
	Ordinal0 [0x0068C61E+50718]
	Ordinal0 [0x006AB797+178071]
	Ordinal0 [0x006AB59D+177565]
	Ordinal0 [0x006A95FB+169467]
	Ordinal0 [0x0069160A+71178]
	Ordinal0 [0x00692690+75408]
	Ordinal0 [0x00692629+75305]
	Ordinal0 [0x00797047+1142855]
	GetHandleVerifier [0x00892996+507766]
	GetHandleVerifier [0x008926B4+507028]
	GetHandleVerifier [0x00899D97+537463]
	GetHandleVerifier [0x00893252+510002]
	Ordinal0 [0x0078F12C+1110316]
	Ordinal0 [0x0079921B+1151515]
	Ordinal0 [0x00799383+1151875]
	Ordinal0 [0x00798285+1147525]
	BaseThreadInitThunk [0x76DC6359+25]
	RtlGetAppContainerNamedObjectPath [0x76F07B74+228]
	RtlGetAppContainerNamedObjectPath [0x76F07B44+180]
" type="org.openqa.selenium.SessionNotCreatedException">org.openqa.selenium.SessionNotCreatedException: session not created: This version of ChromeDriver only supports Chrome version 79
Build info: version: &apos;4.0.0-alpha-2&apos;, revision: &apos;f148142cf8&apos;, time: &apos;2019-07-01T20:55:26&apos;
System info: host: &apos;SWAPNILK&apos;, ip: &apos;172.17.7.90&apos;, os.name: &apos;Windows 10&apos;, os.arch: &apos;amd64&apos;, os.version: &apos;10.0&apos;, java.version: &apos;12.0.1&apos;
Driver info: driver.version: ChromeDriver
remote stacktrace: Backtrace:
	Ordinal0 [0x007F9F93+1548179]
	Ordinal0 [0x0077DC51+1039441]
	Ordinal0 [0x006FE495+517269]
	Ordinal0 [0x0068FD34+64820]
	Ordinal0 [0x0068C61E+50718]
	Ordinal0 [0x006AB797+178071]
	Ordinal0 [0x006AB59D+177565]
	Ordinal0 [0x006A95FB+169467]
	Ordinal0 [0x0069160A+71178]
	Ordinal0 [0x00692690+75408]
	Ordinal0 [0x00692629+75305]
	Ordinal0 [0x00797047+1142855]
	GetHandleVerifier [0x00892996+507766]
	GetHandleVerifier [0x008926B4+507028]
	GetHandleVerifier [0x00899D97+537463]
	GetHandleVerifier [0x00893252+510002]
	Ordinal0 [0x0078F12C+1110316]
	Ordinal0 [0x0079921B+1151515]
	Ordinal0 [0x00799383+1151875]
	Ordinal0 [0x00798285+1147525]
	BaseThreadInitThunk [0x76DC6359+25]
	RtlGetAppContainerNamedObjectPath [0x76F07B74+228]
	RtlGetAppContainerNamedObjectPath [0x76F07B44+180]

	at java.base/jdk.internal.reflect.NativeConstructorAccessorImpl.newInstance0(Native Method)
	at java.base/jdk.internal.reflect.NativeConstructorAccessorImpl.newInstance(NativeConstructorAccessorImpl.java:62)
	at java.base/jdk.internal.reflect.DelegatingConstructorAccessorImpl.newInstance(DelegatingConstructorAccessorImpl.java:45)
	at java.base/java.lang.reflect.Constructor.newInstanceWithCaller(Constructor.java:500)
	at java.base/java.lang.reflect.Constructor.newInstance(Constructor.java:481)
	at org.openqa.selenium.remote.W3CHandshakeResponse.lambda$errorHandler$0(W3CHandshakeResponse.java:62)
	at org.openqa.selenium.remote.HandshakeResponse.lambda$getResponseFunction$0(HandshakeResponse.java:30)
	at org.openqa.selenium.remote.ProtocolHandshake.lambda$createSession$1(ProtocolHandshake.java:127)
	at java.base/java.util.stream.ReferencePipeline$3$1.accept(ReferencePipeline.java:195)
	at java.base/java.util.Spliterators$ArraySpliterator.tryAdvance(Spliterators.java:958)
	at java.base/java.util.stream.ReferencePipeline.forEachWithCancel(ReferencePipeline.java:127)
	at java.base/java.util.stream.AbstractPipeline.copyIntoWithCancel(AbstractPipeline.java:502)
	at java.base/java.util.stream.AbstractPipeline.copyInto(AbstractPipeline.java:488)
	at java.base/java.util.stream.AbstractPipeline.wrapAndCopyInto(AbstractPipeline.java:474)
	at java.base/java.util.stream.FindOps$FindOp.evaluateSequential(FindOps.java:150)
	at java.base/java.util.stream.AbstractPipeline.evaluate(AbstractPipeline.java:234)
	at java.base/java.util.stream.ReferencePipeline.findFirst(ReferencePipeline.java:543)
	at org.openqa.selenium.remote.ProtocolHandshake.createSession(ProtocolHandshake.java:129)
	at org.openqa.selenium.remote.ProtocolHandshake.createSession(ProtocolHandshake.java:75)
	at org.openqa.selenium.remote.HttpCommandExecutor.execute(HttpCommandExecutor.java:139)
	at org.openqa.selenium.remote.service.DriverCommandExecutor.execute(DriverCommandExecutor.java:83)
	at org.openqa.selenium.remote.RemoteWebDriver.execute(RemoteWebDriver.java:576)
	at org.openqa.selenium.remote.RemoteWebDriver.startSession(RemoteWebDriver.java:210)
	at org.openqa.selenium.remote.RemoteWebDriver.&lt;init&gt;(RemoteWebDriver.java:130)
	at org.openqa.selenium.chromium.ChromiumDriver.&lt;init&gt;(ChromiumDriver.java:73)
	at org.openqa.selenium.chrome.ChromeDriver.&lt;init&gt;(ChromeDriver.java:163)
	at org.openqa.selenium.chrome.ChromeDriver.&lt;init&gt;(ChromeDriver.java:150)
	at org.openqa.selenium.chrome.ChromeDriver.&lt;init&gt;(ChromeDriver.java:105)
	at com.acmt.setUp.SetUp.initialization(SetUp.java:33)
	at com.frost.testcases.TestFrostLoginPage.setUp(TestFrostLoginPage.java:25)
</failure>
    <system-err>Starting ChromeDriver 79.0.3945.16 (93fcc21110c10dbbd49bbff8f472335360e31d05-refs/branch-heads/3945@{#262}) on port 24540
Only local connections are allowed.
Please protect ports used by ChromeDriver and related test frameworks to prevent access by malicious code.
</system-err>
  </testcase>
  <testcase classname="com.frost.testcases.TestFrostLoginPage" name="verifyLoginPageTitle" time="0">
    <skipped/>
  </testcase>
  <testcase classname="com.frost.testcases.TestFrostMetadataPage" name="setUp" time="3.565">
    <failure message="session not created: This version of ChromeDriver only supports Chrome version 79
Build info: version: &apos;4.0.0-alpha-2&apos;, revision: &apos;f148142cf8&apos;, time: &apos;2019-07-01T20:55:26&apos;
System info: host: &apos;SWAPNILK&apos;, ip: &apos;172.17.7.90&apos;, os.name: &apos;Windows 10&apos;, os.arch: &apos;amd64&apos;, os.version: &apos;10.0&apos;, java.version: &apos;12.0.1&apos;
Driver info: driver.version: ChromeDriver
remote stacktrace: Backtrace:
	Ordinal0 [0x007F9F93+1548179]
	Ordinal0 [0x0077DC51+1039441]
	Ordinal0 [0x006FE495+517269]
	Ordinal0 [0x0068FD34+64820]
	Ordinal0 [0x0068C61E+50718]
	Ordinal0 [0x006AB797+178071]
	Ordinal0 [0x006AB59D+177565]
	Ordinal0 [0x006A95FB+169467]
	Ordinal0 [0x0069160A+71178]
	Ordinal0 [0x00692690+75408]
	Ordinal0 [0x00692629+75305]
	Ordinal0 [0x00797047+1142855]
	GetHandleVerifier [0x00892996+507766]
	GetHandleVerifier [0x008926B4+507028]
	GetHandleVerifier [0x00899D97+537463]
	GetHandleVerifier [0x00893252+510002]
	Ordinal0 [0x0078F12C+1110316]
	Ordinal0 [0x0079921B+1151515]
	Ordinal0 [0x00799383+1151875]
	Ordinal0 [0x00798285+1147525]
	BaseThreadInitThunk [0x76DC6359+25]
	RtlGetAppContainerNamedObjectPath [0x76F07B74+228]
	RtlGetAppContainerNamedObjectPath [0x76F07B44+180]
" type="org.openqa.selenium.SessionNotCreatedException">org.openqa.selenium.SessionNotCreatedException: session not created: This version of ChromeDriver only supports Chrome version 79
Build info: version: &apos;4.0.0-alpha-2&apos;, revision: &apos;f148142cf8&apos;, time: &apos;2019-07-01T20:55:26&apos;
System info: host: &apos;SWAPNILK&apos;, ip: &apos;172.17.7.90&apos;, os.name: &apos;Windows 10&apos;, os.arch: &apos;amd64&apos;, os.version: &apos;10.0&apos;, java.version: &apos;12.0.1&apos;
Driver info: driver.version: ChromeDriver
remote stacktrace: Backtrace:
	Ordinal0 [0x007F9F93+1548179]
	Ordinal0 [0x0077DC51+1039441]
	Ordinal0 [0x006FE495+517269]
	Ordinal0 [0x0068FD34+64820]
	Ordinal0 [0x0068C61E+50718]
	Ordinal0 [0x006AB797+178071]
	Ordinal0 [0x006AB59D+177565]
	Ordinal0 [0x006A95FB+169467]
	Ordinal0 [0x0069160A+71178]
	Ordinal0 [0x00692690+75408]
	Ordinal0 [0x00692629+75305]
	Ordinal0 [0x00797047+1142855]
	GetHandleVerifier [0x00892996+507766]
	GetHandleVerifier [0x008926B4+507028]
	GetHandleVerifier [0x00899D97+537463]
	GetHandleVerifier [0x00893252+510002]
	Ordinal0 [0x0078F12C+1110316]
	Ordinal0 [0x0079921B+1151515]
	Ordinal0 [0x00799383+1151875]
	Ordinal0 [0x00798285+1147525]
	BaseThreadInitThunk [0x76DC6359+25]
	RtlGetAppContainerNamedObjectPath [0x76F07B74+228]
	RtlGetAppContainerNamedObjectPath [0x76F07B44+180]

	at java.base/jdk.internal.reflect.NativeConstructorAccessorImpl.newInstance0(Native Method)
	at java.base/jdk.internal.reflect.NativeConstructorAccessorImpl.newInstance(NativeConstructorAccessorImpl.java:62)
	at java.base/jdk.internal.reflect.DelegatingConstructorAccessorImpl.newInstance(DelegatingConstructorAccessorImpl.java:45)
	at java.base/java.lang.reflect.Constructor.newInstanceWithCaller(Constructor.java:500)
	at java.base/java.lang.reflect.Constructor.newInstance(Constructor.java:481)
	at org.openqa.selenium.remote.W3CHandshakeResponse.lambda$errorHandler$0(W3CHandshakeResponse.java:62)
	at org.openqa.selenium.remote.HandshakeResponse.lambda$getResponseFunction$0(HandshakeResponse.java:30)
	at org.openqa.selenium.remote.ProtocolHandshake.lambda$createSession$1(ProtocolHandshake.java:127)
	at java.base/java.util.stream.ReferencePipeline$3$1.accept(ReferencePipeline.java:195)
	at java.base/java.util.Spliterators$ArraySpliterator.tryAdvance(Spliterators.java:958)
	at java.base/java.util.stream.ReferencePipeline.forEachWithCancel(ReferencePipeline.java:127)
	at java.base/java.util.stream.AbstractPipeline.copyIntoWithCancel(AbstractPipeline.java:502)
	at java.base/java.util.stream.AbstractPipeline.copyInto(AbstractPipeline.java:488)
	at java.base/java.util.stream.AbstractPipeline.wrapAndCopyInto(AbstractPipeline.java:474)
	at java.base/java.util.stream.FindOps$FindOp.evaluateSequential(FindOps.java:150)
	at java.base/java.util.stream.AbstractPipeline.evaluate(AbstractPipeline.java:234)
	at java.base/java.util.stream.ReferencePipeline.findFirst(ReferencePipeline.java:543)
	at org.openqa.selenium.remote.ProtocolHandshake.createSession(ProtocolHandshake.java:129)
	at org.openqa.selenium.remote.ProtocolHandshake.createSession(ProtocolHandshake.java:75)
	at org.openqa.selenium.remote.HttpCommandExecutor.execute(HttpCommandExecutor.java:139)
	at org.openqa.selenium.remote.service.DriverCommandExecutor.execute(DriverCommandExecutor.java:83)
	at org.openqa.selenium.remote.RemoteWebDriver.execute(RemoteWebDriver.java:576)
	at org.openqa.selenium.remote.RemoteWebDriver.startSession(RemoteWebDriver.java:210)
	at org.openqa.selenium.remote.RemoteWebDriver.&lt;init&gt;(RemoteWebDriver.java:130)
	at org.openqa.selenium.chromium.ChromiumDriver.&lt;init&gt;(ChromiumDriver.java:73)
	at org.openqa.selenium.chrome.ChromeDriver.&lt;init&gt;(ChromeDriver.java:163)
	at org.openqa.selenium.chrome.ChromeDriver.&lt;init&gt;(ChromeDriver.java:150)
	at org.openqa.selenium.chrome.ChromeDriver.&lt;init&gt;(ChromeDriver.java:105)
	at com.frost.setUp.SetUp.initialization(SetUp.java:33)
	at com.frost.testcases.TestFrostMetadataPage.setUp(TestFrostMetadataPage.java:30)
</failure>
    <system-err>Starting ChromeDriver 79.0.3945.16 (93fcc21110c10dbbd49bbff8f472335360e31d05-refs/branch-heads/3945@{#262}) on port 6086
Only local connections are allowed.
Please protect ports used by ChromeDriver and related test frameworks to prevent access by malicious code.
</system-err>
  </testcase>
  <testcase classname="com.frost.testcases.TestFrostMetadataPage" name="verifyFrostHomeTitle" time="0">
    <skipped/>
  </testcase>
  <testcase classname="com.frost.testcases.TestFrostMetadataPage" name="tearDown" time="0">
    <skipped/>
  </testcase>
  <testcase classname="com.acmt.testcases.TestLastPublishPage" name="setUp" time="3.775">
    <failure message="session not created: This version of ChromeDriver only supports Chrome version 79
Build info: version: &apos;4.0.0-alpha-2&apos;, revision: &apos;f148142cf8&apos;, time: &apos;2019-07-01T20:55:26&apos;
System info: host: &apos;SWAPNILK&apos;, ip: &apos;172.17.7.90&apos;, os.name: &apos;Windows 10&apos;, os.arch: &apos;amd64&apos;, os.version: &apos;10.0&apos;, java.version: &apos;12.0.1&apos;
Driver info: driver.version: ChromeDriver
remote stacktrace: Backtrace:
	Ordinal0 [0x007F9F93+1548179]
	Ordinal0 [0x0077DC51+1039441]
	Ordinal0 [0x006FE495+517269]
	Ordinal0 [0x0068FD34+64820]
	Ordinal0 [0x0068C61E+50718]
	Ordinal0 [0x006AB797+178071]
	Ordinal0 [0x006AB59D+177565]
	Ordinal0 [0x006A95FB+169467]
	Ordinal0 [0x0069160A+71178]
	Ordinal0 [0x00692690+75408]
	Ordinal0 [0x00692629+75305]
	Ordinal0 [0x00797047+1142855]
	GetHandleVerifier [0x00892996+507766]
	GetHandleVerifier [0x008926B4+507028]
	GetHandleVerifier [0x00899D97+537463]
	GetHandleVerifier [0x00893252+510002]
	Ordinal0 [0x0078F12C+1110316]
	Ordinal0 [0x0079921B+1151515]
	Ordinal0 [0x00799383+1151875]
	Ordinal0 [0x00798285+1147525]
	BaseThreadInitThunk [0x76DC6359+25]
	RtlGetAppContainerNamedObjectPath [0x76F07B74+228]
	RtlGetAppContainerNamedObjectPath [0x76F07B44+180]
" type="org.openqa.selenium.SessionNotCreatedException">org.openqa.selenium.SessionNotCreatedException: session not created: This version of ChromeDriver only supports Chrome version 79
Build info: version: &apos;4.0.0-alpha-2&apos;, revision: &apos;f148142cf8&apos;, time: &apos;2019-07-01T20:55:26&apos;
System info: host: &apos;SWAPNILK&apos;, ip: &apos;172.17.7.90&apos;, os.name: &apos;Windows 10&apos;, os.arch: &apos;amd64&apos;, os.version: &apos;10.0&apos;, java.version: &apos;12.0.1&apos;
Driver info: driver.version: ChromeDriver
remote stacktrace: Backtrace:
	Ordinal0 [0x007F9F93+1548179]
	Ordinal0 [0x0077DC51+1039441]
	Ordinal0 [0x006FE495+517269]
	Ordinal0 [0x0068FD34+64820]
	Ordinal0 [0x0068C61E+50718]
	Ordinal0 [0x006AB797+178071]
	Ordinal0 [0x006AB59D+177565]
	Ordinal0 [0x006A95FB+169467]
	Ordinal0 [0x0069160A+71178]
	Ordinal0 [0x00692690+75408]
	Ordinal0 [0x00692629+75305]
	Ordinal0 [0x00797047+1142855]
	GetHandleVerifier [0x00892996+507766]
	GetHandleVerifier [0x008926B4+507028]
	GetHandleVerifier [0x00899D97+537463]
	GetHandleVerifier [0x00893252+510002]
	Ordinal0 [0x0078F12C+1110316]
	Ordinal0 [0x0079921B+1151515]
	Ordinal0 [0x00799383+1151875]
	Ordinal0 [0x00798285+1147525]
	BaseThreadInitThunk [0x76DC6359+25]
	RtlGetAppContainerNamedObjectPath [0x76F07B74+228]
	RtlGetAppContainerNamedObjectPath [0x76F07B44+180]

	at java.base/jdk.internal.reflect.NativeConstructorAccessorImpl.newInstance0(Native Method)
	at java.base/jdk.internal.reflect.NativeConstructorAccessorImpl.newInstance(NativeConstructorAccessorImpl.java:62)
	at java.base/jdk.internal.reflect.DelegatingConstructorAccessorImpl.newInstance(DelegatingConstructorAccessorImpl.java:45)
	at java.base/java.lang.reflect.Constructor.newInstanceWithCaller(Constructor.java:500)
	at java.base/java.lang.reflect.Constructor.newInstance(Constructor.java:481)
	at org.openqa.selenium.remote.W3CHandshakeResponse.lambda$errorHandler$0(W3CHandshakeResponse.java:62)
	at org.openqa.selenium.remote.HandshakeResponse.lambda$getResponseFunction$0(HandshakeResponse.java:30)
	at org.openqa.selenium.remote.ProtocolHandshake.lambda$createSession$1(ProtocolHandshake.java:127)
	at java.base/java.util.stream.ReferencePipeline$3$1.accept(ReferencePipeline.java:195)
	at java.base/java.util.Spliterators$ArraySpliterator.tryAdvance(Spliterators.java:958)
	at java.base/java.util.stream.ReferencePipeline.forEachWithCancel(ReferencePipeline.java:127)
	at java.base/java.util.stream.AbstractPipeline.copyIntoWithCancel(AbstractPipeline.java:502)
	at java.base/java.util.stream.AbstractPipeline.copyInto(AbstractPipeline.java:488)
	at java.base/java.util.stream.AbstractPipeline.wrapAndCopyInto(AbstractPipeline.java:474)
	at java.base/java.util.stream.FindOps$FindOp.evaluateSequential(FindOps.java:150)
	at java.base/java.util.stream.AbstractPipeline.evaluate(AbstractPipeline.java:234)
	at java.base/java.util.stream.ReferencePipeline.findFirst(ReferencePipeline.java:543)
	at org.openqa.selenium.remote.ProtocolHandshake.createSession(ProtocolHandshake.java:129)
	at org.openqa.selenium.remote.ProtocolHandshake.createSession(ProtocolHandshake.java:75)
	at org.openqa.selenium.remote.HttpCommandExecutor.execute(HttpCommandExecutor.java:139)
	at org.openqa.selenium.remote.service.DriverCommandExecutor.execute(DriverCommandExecutor.java:83)
	at org.openqa.selenium.remote.RemoteWebDriver.execute(RemoteWebDriver.java:576)
	at org.openqa.selenium.remote.RemoteWebDriver.startSession(RemoteWebDriver.java:210)
	at org.openqa.selenium.remote.RemoteWebDriver.&lt;init&gt;(RemoteWebDriver.java:130)
	at org.openqa.selenium.chromium.ChromiumDriver.&lt;init&gt;(ChromiumDriver.java:73)
	at org.openqa.selenium.chrome.ChromeDriver.&lt;init&gt;(ChromeDriver.java:163)
	at org.openqa.selenium.chrome.ChromeDriver.&lt;init&gt;(ChromeDriver.java:150)
	at org.openqa.selenium.chrome.ChromeDriver.&lt;init&gt;(ChromeDriver.java:105)
	at com.acmt.setUp.SetUp.initialization(SetUp.java:33)
	at com.acmt.testcases.TestLastPublishPage.setUp(TestLastPublishPage.java:42)
</failure>
    <system-err>Starting ChromeDriver 79.0.3945.16 (93fcc21110c10dbbd49bbff8f472335360e31d05-refs/branch-heads/3945@{#262}) on port 31917
Only local connections are allowed.
Please protect ports used by ChromeDriver and related test frameworks to prevent access by malicious code.
</system-err>
  </testcase>
  <testcase classname="com.acmt.testcases.TestLastPublishPage" name="verifyInsideTaxonomy" time="0">
    <skipped/>
  </testcase>
  <testcase classname="com.acmt.testcases.TestLastPublishPage" name="tearDown" time="0">
    <skipped/>
  </testcase>
  <testcase classname="com.acmt.testcases.TestLoginPage" name="setUp" time="3.976">
    <failure message="session not created: This version of ChromeDriver only supports Chrome version 79
Build info: version: &apos;4.0.0-alpha-2&apos;, revision: &apos;f148142cf8&apos;, time: &apos;2019-07-01T20:55:26&apos;
System info: host: &apos;SWAPNILK&apos;, ip: &apos;172.17.7.90&apos;, os.name: &apos;Windows 10&apos;, os.arch: &apos;amd64&apos;, os.version: &apos;10.0&apos;, java.version: &apos;12.0.1&apos;
Driver info: driver.version: ChromeDriver
remote stacktrace: Backtrace:
	Ordinal0 [0x007F9F93+1548179]
	Ordinal0 [0x0077DC51+1039441]
	Ordinal0 [0x006FE495+517269]
	Ordinal0 [0x0068FD34+64820]
	Ordinal0 [0x0068C61E+50718]
	Ordinal0 [0x006AB797+178071]
	Ordinal0 [0x006AB59D+177565]
	Ordinal0 [0x006A95FB+169467]
	Ordinal0 [0x0069160A+71178]
	Ordinal0 [0x00692690+75408]
	Ordinal0 [0x00692629+75305]
	Ordinal0 [0x00797047+1142855]
	GetHandleVerifier [0x00892996+507766]
	GetHandleVerifier [0x008926B4+507028]
	GetHandleVerifier [0x00899D97+537463]
	GetHandleVerifier [0x00893252+510002]
	Ordinal0 [0x0078F12C+1110316]
	Ordinal0 [0x0079921B+1151515]
	Ordinal0 [0x00799383+1151875]
	Ordinal0 [0x00798285+1147525]
	BaseThreadInitThunk [0x76DC6359+25]
	RtlGetAppContainerNamedObjectPath [0x76F07B74+228]
	RtlGetAppContainerNamedObjectPath [0x76F07B44+180]
" type="org.openqa.selenium.SessionNotCreatedException">org.openqa.selenium.SessionNotCreatedException: session not created: This version of ChromeDriver only supports Chrome version 79
Build info: version: &apos;4.0.0-alpha-2&apos;, revision: &apos;f148142cf8&apos;, time: &apos;2019-07-01T20:55:26&apos;
System info: host: &apos;SWAPNILK&apos;, ip: &apos;172.17.7.90&apos;, os.name: &apos;Windows 10&apos;, os.arch: &apos;amd64&apos;, os.version: &apos;10.0&apos;, java.version: &apos;12.0.1&apos;
Driver info: driver.version: ChromeDriver
remote stacktrace: Backtrace:
	Ordinal0 [0x007F9F93+1548179]
	Ordinal0 [0x0077DC51+1039441]
	Ordinal0 [0x006FE495+517269]
	Ordinal0 [0x0068FD34+64820]
	Ordinal0 [0x0068C61E+50718]
	Ordinal0 [0x006AB797+178071]
	Ordinal0 [0x006AB59D+177565]
	Ordinal0 [0x006A95FB+169467]
	Ordinal0 [0x0069160A+71178]
	Ordinal0 [0x00692690+75408]
	Ordinal0 [0x00692629+75305]
	Ordinal0 [0x00797047+1142855]
	GetHandleVerifier [0x00892996+507766]
	GetHandleVerifier [0x008926B4+507028]
	GetHandleVerifier [0x00899D97+537463]
	GetHandleVerifier [0x00893252+510002]
	Ordinal0 [0x0078F12C+1110316]
	Ordinal0 [0x0079921B+1151515]
	Ordinal0 [0x00799383+1151875]
	Ordinal0 [0x00798285+1147525]
	BaseThreadInitThunk [0x76DC6359+25]
	RtlGetAppContainerNamedObjectPath [0x76F07B74+228]
	RtlGetAppContainerNamedObjectPath [0x76F07B44+180]

	at java.base/jdk.internal.reflect.NativeConstructorAccessorImpl.newInstance0(Native Method)
	at java.base/jdk.internal.reflect.NativeConstructorAccessorImpl.newInstance(NativeConstructorAccessorImpl.java:62)
	at java.base/jdk.internal.reflect.DelegatingConstructorAccessorImpl.newInstance(DelegatingConstructorAccessorImpl.java:45)
	at java.base/java.lang.reflect.Constructor.newInstanceWithCaller(Constructor.java:500)
	at java.base/java.lang.reflect.Constructor.newInstance(Constructor.java:481)
	at org.openqa.selenium.remote.W3CHandshakeResponse.lambda$errorHandler$0(W3CHandshakeResponse.java:62)
	at org.openqa.selenium.remote.HandshakeResponse.lambda$getResponseFunction$0(HandshakeResponse.java:30)
	at org.openqa.selenium.remote.ProtocolHandshake.lambda$createSession$1(ProtocolHandshake.java:127)
	at java.base/java.util.stream.ReferencePipeline$3$1.accept(ReferencePipeline.java:195)
	at java.base/java.util.Spliterators$ArraySpliterator.tryAdvance(Spliterators.java:958)
	at java.base/java.util.stream.ReferencePipeline.forEachWithCancel(ReferencePipeline.java:127)
	at java.base/java.util.stream.AbstractPipeline.copyIntoWithCancel(AbstractPipeline.java:502)
	at java.base/java.util.stream.AbstractPipeline.copyInto(AbstractPipeline.java:488)
	at java.base/java.util.stream.AbstractPipeline.wrapAndCopyInto(AbstractPipeline.java:474)
	at java.base/java.util.stream.FindOps$FindOp.evaluateSequential(FindOps.java:150)
	at java.base/java.util.stream.AbstractPipeline.evaluate(AbstractPipeline.java:234)
	at java.base/java.util.stream.ReferencePipeline.findFirst(ReferencePipeline.java:543)
	at org.openqa.selenium.remote.ProtocolHandshake.createSession(ProtocolHandshake.java:129)
	at org.openqa.selenium.remote.ProtocolHandshake.createSession(ProtocolHandshake.java:75)
	at org.openqa.selenium.remote.HttpCommandExecutor.execute(HttpCommandExecutor.java:139)
	at org.openqa.selenium.remote.service.DriverCommandExecutor.execute(DriverCommandExecutor.java:83)
	at org.openqa.selenium.remote.RemoteWebDriver.execute(RemoteWebDriver.java:576)
	at org.openqa.selenium.remote.RemoteWebDriver.startSession(RemoteWebDriver.java:210)
	at org.openqa.selenium.remote.RemoteWebDriver.&lt;init&gt;(RemoteWebDriver.java:130)
	at org.openqa.selenium.chromium.ChromiumDriver.&lt;init&gt;(ChromiumDriver.java:73)
	at org.openqa.selenium.chrome.ChromeDriver.&lt;init&gt;(ChromeDriver.java:163)
	at org.openqa.selenium.chrome.ChromeDriver.&lt;init&gt;(ChromeDriver.java:150)
	at org.openqa.selenium.chrome.ChromeDriver.&lt;init&gt;(ChromeDriver.java:105)
	at com.acmt.setUp.SetUp.initialization(SetUp.java:33)
	at com.acmt.testcases.TestLoginPage.setUp(TestLoginPage.java:35)
</failure>
    <system-err>Starting ChromeDriver 79.0.3945.16 (93fcc21110c10dbbd49bbff8f472335360e31d05-refs/branch-heads/3945@{#262}) on port 38152
Only local connections are allowed.
Please protect ports used by ChromeDriver and related test frameworks to prevent access by malicious code.
</system-err>
  </testcase>
  <testcase classname="com.acmt.testcases.TestLoginPage" name="verifyLoginPageTitle" time="0">
    <skipped/>
  </testcase>
  <testcase classname="com.acmt.testcases.TestLoginPage" name="tearDown" time="0">
    <skipped/>
  </testcase>
  <testcase classname="com.acmt.testcases.TestLoginPage" name="setUp" time="0">
    <skipped/>
  </testcase>
  <testcase classname="com.acmt.testcases.TestLoginPage" name="verifyLoginSuccess" time="0">
    <skipped/>
  </testcase>
  <testcase classname="com.acmt.testcases.TestLoginPage" name="tearDown" time="0.001">
    <skipped/>
  </testcase>
  <testcase classname="com.acmt.testcases.TestProjectsPage" name="setUp" time="3.726">
    <failure message="session not created: This version of ChromeDriver only supports Chrome version 79
Build info: version: &apos;4.0.0-alpha-2&apos;, revision: &apos;f148142cf8&apos;, time: &apos;2019-07-01T20:55:26&apos;
System info: host: &apos;SWAPNILK&apos;, ip: &apos;172.17.7.90&apos;, os.name: &apos;Windows 10&apos;, os.arch: &apos;amd64&apos;, os.version: &apos;10.0&apos;, java.version: &apos;12.0.1&apos;
Driver info: driver.version: ChromeDriver
remote stacktrace: Backtrace:
	Ordinal0 [0x007F9F93+1548179]
	Ordinal0 [0x0077DC51+1039441]
	Ordinal0 [0x006FE495+517269]
	Ordinal0 [0x0068FD34+64820]
	Ordinal0 [0x0068C61E+50718]
	Ordinal0 [0x006AB797+178071]
	Ordinal0 [0x006AB59D+177565]
	Ordinal0 [0x006A95FB+169467]
	Ordinal0 [0x0069160A+71178]
	Ordinal0 [0x00692690+75408]
	Ordinal0 [0x00692629+75305]
	Ordinal0 [0x00797047+1142855]
	GetHandleVerifier [0x00892996+507766]
	GetHandleVerifier [0x008926B4+507028]
	GetHandleVerifier [0x00899D97+537463]
	GetHandleVerifier [0x00893252+510002]
	Ordinal0 [0x0078F12C+1110316]
	Ordinal0 [0x0079921B+1151515]
	Ordinal0 [0x00799383+1151875]
	Ordinal0 [0x00798285+1147525]
	BaseThreadInitThunk [0x76DC6359+25]
	RtlGetAppContainerNamedObjectPath [0x76F07B74+228]
	RtlGetAppContainerNamedObjectPath [0x76F07B44+180]
" type="org.openqa.selenium.SessionNotCreatedException">org.openqa.selenium.SessionNotCreatedException: session not created: This version of ChromeDriver only supports Chrome version 79
Build info: version: &apos;4.0.0-alpha-2&apos;, revision: &apos;f148142cf8&apos;, time: &apos;2019-07-01T20:55:26&apos;
System info: host: &apos;SWAPNILK&apos;, ip: &apos;172.17.7.90&apos;, os.name: &apos;Windows 10&apos;, os.arch: &apos;amd64&apos;, os.version: &apos;10.0&apos;, java.version: &apos;12.0.1&apos;
Driver info: driver.version: ChromeDriver
remote stacktrace: Backtrace:
	Ordinal0 [0x007F9F93+1548179]
	Ordinal0 [0x0077DC51+1039441]
	Ordinal0 [0x006FE495+517269]
	Ordinal0 [0x0068FD34+64820]
	Ordinal0 [0x0068C61E+50718]
	Ordinal0 [0x006AB797+178071]
	Ordinal0 [0x006AB59D+177565]
	Ordinal0 [0x006A95FB+169467]
	Ordinal0 [0x0069160A+71178]
	Ordinal0 [0x00692690+75408]
	Ordinal0 [0x00692629+75305]
	Ordinal0 [0x00797047+1142855]
	GetHandleVerifier [0x00892996+507766]
	GetHandleVerifier [0x008926B4+507028]
	GetHandleVerifier [0x00899D97+537463]
	GetHandleVerifier [0x00893252+510002]
	Ordinal0 [0x0078F12C+1110316]
	Ordinal0 [0x0079921B+1151515]
	Ordinal0 [0x00799383+1151875]
	Ordinal0 [0x00798285+1147525]
	BaseThreadInitThunk [0x76DC6359+25]
	RtlGetAppContainerNamedObjectPath [0x76F07B74+228]
	RtlGetAppContainerNamedObjectPath [0x76F07B44+180]

	at java.base/jdk.internal.reflect.NativeConstructorAccessorImpl.newInstance0(Native Method)
	at java.base/jdk.internal.reflect.NativeConstructorAccessorImpl.newInstance(NativeConstructorAccessorImpl.java:62)
	at java.base/jdk.internal.reflect.DelegatingConstructorAccessorImpl.newInstance(DelegatingConstructorAccessorImpl.java:45)
	at java.base/java.lang.reflect.Constructor.newInstanceWithCaller(Constructor.java:500)
	at java.base/java.lang.reflect.Constructor.newInstance(Constructor.java:481)
	at org.openqa.selenium.remote.W3CHandshakeResponse.lambda$errorHandler$0(W3CHandshakeResponse.java:62)
	at org.openqa.selenium.remote.HandshakeResponse.lambda$getResponseFunction$0(HandshakeResponse.java:30)
	at org.openqa.selenium.remote.ProtocolHandshake.lambda$createSession$1(ProtocolHandshake.java:127)
	at java.base/java.util.stream.ReferencePipeline$3$1.accept(ReferencePipeline.java:195)
	at java.base/java.util.Spliterators$ArraySpliterator.tryAdvance(Spliterators.java:958)
	at java.base/java.util.stream.ReferencePipeline.forEachWithCancel(ReferencePipeline.java:127)
	at java.base/java.util.stream.AbstractPipeline.copyIntoWithCancel(AbstractPipeline.java:502)
	at java.base/java.util.stream.AbstractPipeline.copyInto(AbstractPipeline.java:488)
	at java.base/java.util.stream.AbstractPipeline.wrapAndCopyInto(AbstractPipeline.java:474)
	at java.base/java.util.stream.FindOps$FindOp.evaluateSequential(FindOps.java:150)
	at java.base/java.util.stream.AbstractPipeline.evaluate(AbstractPipeline.java:234)
	at java.base/java.util.stream.ReferencePipeline.findFirst(ReferencePipeline.java:543)
	at org.openqa.selenium.remote.ProtocolHandshake.createSession(ProtocolHandshake.java:129)
	at org.openqa.selenium.remote.ProtocolHandshake.createSession(ProtocolHandshake.java:75)
	at org.openqa.selenium.remote.HttpCommandExecutor.execute(HttpCommandExecutor.java:139)
	at org.openqa.selenium.remote.service.DriverCommandExecutor.execute(DriverCommandExecutor.java:83)
	at org.openqa.selenium.remote.RemoteWebDriver.execute(RemoteWebDriver.java:576)
	at org.openqa.selenium.remote.RemoteWebDriver.startSession(RemoteWebDriver.java:210)
	at org.openqa.selenium.remote.RemoteWebDriver.&lt;init&gt;(RemoteWebDriver.java:130)
	at org.openqa.selenium.chromium.ChromiumDriver.&lt;init&gt;(ChromiumDriver.java:73)
	at org.openqa.selenium.chrome.ChromeDriver.&lt;init&gt;(ChromeDriver.java:163)
	at org.openqa.selenium.chrome.ChromeDriver.&lt;init&gt;(ChromeDriver.java:150)
	at org.openqa.selenium.chrome.ChromeDriver.&lt;init&gt;(ChromeDriver.java:105)
	at com.acmt.setUp.SetUp.initialization(SetUp.java:33)
	at com.acmt.testcases.TestProjectsPage.setUp(TestProjectsPage.java:39)
</failure>
    <system-err>Starting ChromeDriver 79.0.3945.16 (93fcc21110c10dbbd49bbff8f472335360e31d05-refs/branch-heads/3945@{#262}) on port 34949
Only local connections are allowed.
Please protect ports used by ChromeDriver and related test frameworks to prevent access by malicious code.
</system-err>
  </testcase>
  <testcase classname="com.acmt.testcases.TestProjectsPage" name="verifyProjectsPageTitle" time="0">
    <skipped/>
  </testcase>
  <testcase classname="com.acmt.testcases.TestProjectsPage" name="tearDown" time="0">
    <failure type="java.lang.NullPointerException">java.lang.NullPointerException
	at com.acmt.testcases.TestProjectsPage.tearDown(TestProjectsPage.java:87)
</failure>
  </testcase>
  <testcase classname="com.acmt.testcases.TestTaxonomiesPage" name="setUp" time="3.449">
    <failure message="session not created: This version of ChromeDriver only supports Chrome version 79
Build info: version: &apos;4.0.0-alpha-2&apos;, revision: &apos;f148142cf8&apos;, time: &apos;2019-07-01T20:55:26&apos;
System info: host: &apos;SWAPNILK&apos;, ip: &apos;172.17.7.90&apos;, os.name: &apos;Windows 10&apos;, os.arch: &apos;amd64&apos;, os.version: &apos;10.0&apos;, java.version: &apos;12.0.1&apos;
Driver info: driver.version: ChromeDriver
remote stacktrace: Backtrace:
	Ordinal0 [0x007F9F93+1548179]
	Ordinal0 [0x0077DC51+1039441]
	Ordinal0 [0x006FE495+517269]
	Ordinal0 [0x0068FD34+64820]
	Ordinal0 [0x0068C61E+50718]
	Ordinal0 [0x006AB797+178071]
	Ordinal0 [0x006AB59D+177565]
	Ordinal0 [0x006A95FB+169467]
	Ordinal0 [0x0069160A+71178]
	Ordinal0 [0x00692690+75408]
	Ordinal0 [0x00692629+75305]
	Ordinal0 [0x00797047+1142855]
	GetHandleVerifier [0x00892996+507766]
	GetHandleVerifier [0x008926B4+507028]
	GetHandleVerifier [0x00899D97+537463]
	GetHandleVerifier [0x00893252+510002]
	Ordinal0 [0x0078F12C+1110316]
	Ordinal0 [0x0079921B+1151515]
	Ordinal0 [0x00799383+1151875]
	Ordinal0 [0x00798285+1147525]
	BaseThreadInitThunk [0x76DC6359+25]
	RtlGetAppContainerNamedObjectPath [0x76F07B74+228]
	RtlGetAppContainerNamedObjectPath [0x76F07B44+180]
" type="org.openqa.selenium.SessionNotCreatedException">org.openqa.selenium.SessionNotCreatedException: session not created: This version of ChromeDriver only supports Chrome version 79
Build info: version: &apos;4.0.0-alpha-2&apos;, revision: &apos;f148142cf8&apos;, time: &apos;2019-07-01T20:55:26&apos;
System info: host: &apos;SWAPNILK&apos;, ip: &apos;172.17.7.90&apos;, os.name: &apos;Windows 10&apos;, os.arch: &apos;amd64&apos;, os.version: &apos;10.0&apos;, java.version: &apos;12.0.1&apos;
Driver info: driver.version: ChromeDriver
remote stacktrace: Backtrace:
	Ordinal0 [0x007F9F93+1548179]
	Ordinal0 [0x0077DC51+1039441]
	Ordinal0 [0x006FE495+517269]
	Ordinal0 [0x0068FD34+64820]
	Ordinal0 [0x0068C61E+50718]
	Ordinal0 [0x006AB797+178071]
	Ordinal0 [0x006AB59D+177565]
	Ordinal0 [0x006A95FB+169467]
	Ordinal0 [0x0069160A+71178]
	Ordinal0 [0x00692690+75408]
	Ordinal0 [0x00692629+75305]
	Ordinal0 [0x00797047+1142855]
	GetHandleVerifier [0x00892996+507766]
	GetHandleVerifier [0x008926B4+507028]
	GetHandleVerifier [0x00899D97+537463]
	GetHandleVerifier [0x00893252+510002]
	Ordinal0 [0x0078F12C+1110316]
	Ordinal0 [0x0079921B+1151515]
	Ordinal0 [0x00799383+1151875]
	Ordinal0 [0x00798285+1147525]
	BaseThreadInitThunk [0x76DC6359+25]
	RtlGetAppContainerNamedObjectPath [0x76F07B74+228]
	RtlGetAppContainerNamedObjectPath [0x76F07B44+180]

	at java.base/jdk.internal.reflect.NativeConstructorAccessorImpl.newInstance0(Native Method)
	at java.base/jdk.internal.reflect.NativeConstructorAccessorImpl.newInstance(NativeConstructorAccessorImpl.java:62)
	at java.base/jdk.internal.reflect.DelegatingConstructorAccessorImpl.newInstance(DelegatingConstructorAccessorImpl.java:45)
	at java.base/java.lang.reflect.Constructor.newInstanceWithCaller(Constructor.java:500)
	at java.base/java.lang.reflect.Constructor.newInstance(Constructor.java:481)
	at org.openqa.selenium.remote.W3CHandshakeResponse.lambda$errorHandler$0(W3CHandshakeResponse.java:62)
	at org.openqa.selenium.remote.HandshakeResponse.lambda$getResponseFunction$0(HandshakeResponse.java:30)
	at org.openqa.selenium.remote.ProtocolHandshake.lambda$createSession$1(ProtocolHandshake.java:127)
	at java.base/java.util.stream.ReferencePipeline$3$1.accept(ReferencePipeline.java:195)
	at java.base/java.util.Spliterators$ArraySpliterator.tryAdvance(Spliterators.java:958)
	at java.base/java.util.stream.ReferencePipeline.forEachWithCancel(ReferencePipeline.java:127)
	at java.base/java.util.stream.AbstractPipeline.copyIntoWithCancel(AbstractPipeline.java:502)
	at java.base/java.util.stream.AbstractPipeline.copyInto(AbstractPipeline.java:488)
	at java.base/java.util.stream.AbstractPipeline.wrapAndCopyInto(AbstractPipeline.java:474)
	at java.base/java.util.stream.FindOps$FindOp.evaluateSequential(FindOps.java:150)
	at java.base/java.util.stream.AbstractPipeline.evaluate(AbstractPipeline.java:234)
	at java.base/java.util.stream.ReferencePipeline.findFirst(ReferencePipeline.java:543)
	at org.openqa.selenium.remote.ProtocolHandshake.createSession(ProtocolHandshake.java:129)
	at org.openqa.selenium.remote.ProtocolHandshake.createSession(ProtocolHandshake.java:75)
	at org.openqa.selenium.remote.HttpCommandExecutor.execute(HttpCommandExecutor.java:139)
	at org.openqa.selenium.remote.service.DriverCommandExecutor.execute(DriverCommandExecutor.java:83)
	at org.openqa.selenium.remote.RemoteWebDriver.execute(RemoteWebDriver.java:576)
	at org.openqa.selenium.remote.RemoteWebDriver.startSession(RemoteWebDriver.java:210)
	at org.openqa.selenium.remote.RemoteWebDriver.&lt;init&gt;(RemoteWebDriver.java:130)
	at org.openqa.selenium.chromium.ChromiumDriver.&lt;init&gt;(ChromiumDriver.java:73)
	at org.openqa.selenium.chrome.ChromeDriver.&lt;init&gt;(ChromeDriver.java:163)
	at org.openqa.selenium.chrome.ChromeDriver.&lt;init&gt;(ChromeDriver.java:150)
	at org.openqa.selenium.chrome.ChromeDriver.&lt;init&gt;(ChromeDriver.java:105)
	at com.acmt.setUp.SetUp.initialization(SetUp.java:33)
	at com.acmt.testcases.TestTaxonomiesPage.setUp(TestTaxonomiesPage.java:36)
</failure>
    <system-err>Starting ChromeDriver 79.0.3945.16 (93fcc21110c10dbbd49bbff8f472335360e31d05-refs/branch-heads/3945@{#262}) on port 4120
Only local connections are allowed.
Please protect ports used by ChromeDriver and related test frameworks to prevent access by malicious code.
</system-err>
  </testcase>
  <testcase classname="com.acmt.testcases.TestTaxonomiesPage" name="verifyTaxonomyPageTitle" time="0">
    <skipped/>
  </testcase>
  <testcase classname="com.acmt.testcases.TestTaxonomiesPage" name="tearDown" time="0">
    <skipped/>
  </testcase>
  <testcase classname="com.acmt.testcases.TestACMTHome" name="setUp" time="3.504">
    <failure message="session not created: This version of ChromeDriver only supports Chrome version 79
Build info: version: &apos;4.0.0-alpha-2&apos;, revision: &apos;f148142cf8&apos;, time: &apos;2019-07-01T20:55:26&apos;
System info: host: &apos;SWAPNILK&apos;, ip: &apos;172.17.7.90&apos;, os.name: &apos;Windows 10&apos;, os.arch: &apos;amd64&apos;, os.version: &apos;10.0&apos;, java.version: &apos;12.0.1&apos;
Driver info: driver.version: ChromeDriver
remote stacktrace: Backtrace:
	Ordinal0 [0x007F9F93+1548179]
	Ordinal0 [0x0077DC51+1039441]
	Ordinal0 [0x006FE495+517269]
	Ordinal0 [0x0068FD34+64820]
	Ordinal0 [0x0068C61E+50718]
	Ordinal0 [0x006AB797+178071]
	Ordinal0 [0x006AB59D+177565]
	Ordinal0 [0x006A95FB+169467]
	Ordinal0 [0x0069160A+71178]
	Ordinal0 [0x00692690+75408]
	Ordinal0 [0x00692629+75305]
	Ordinal0 [0x00797047+1142855]
	GetHandleVerifier [0x00892996+507766]
	GetHandleVerifier [0x008926B4+507028]
	GetHandleVerifier [0x00899D97+537463]
	GetHandleVerifier [0x00893252+510002]
	Ordinal0 [0x0078F12C+1110316]
	Ordinal0 [0x0079921B+1151515]
	Ordinal0 [0x00799383+1151875]
	Ordinal0 [0x00798285+1147525]
	BaseThreadInitThunk [0x76DC6359+25]
	RtlGetAppContainerNamedObjectPath [0x76F07B74+228]
	RtlGetAppContainerNamedObjectPath [0x76F07B44+180]
" type="org.openqa.selenium.SessionNotCreatedException">org.openqa.selenium.SessionNotCreatedException: session not created: This version of ChromeDriver only supports Chrome version 79
Build info: version: &apos;4.0.0-alpha-2&apos;, revision: &apos;f148142cf8&apos;, time: &apos;2019-07-01T20:55:26&apos;
System info: host: &apos;SWAPNILK&apos;, ip: &apos;172.17.7.90&apos;, os.name: &apos;Windows 10&apos;, os.arch: &apos;amd64&apos;, os.version: &apos;10.0&apos;, java.version: &apos;12.0.1&apos;
Driver info: driver.version: ChromeDriver
remote stacktrace: Backtrace:
	Ordinal0 [0x007F9F93+1548179]
	Ordinal0 [0x0077DC51+1039441]
	Ordinal0 [0x006FE495+517269]
	Ordinal0 [0x0068FD34+64820]
	Ordinal0 [0x0068C61E+50718]
	Ordinal0 [0x006AB797+178071]
	Ordinal0 [0x006AB59D+177565]
	Ordinal0 [0x006A95FB+169467]
	Ordinal0 [0x0069160A+71178]
	Ordinal0 [0x00692690+75408]
	Ordinal0 [0x00692629+75305]
	Ordinal0 [0x00797047+1142855]
	GetHandleVerifier [0x00892996+507766]
	GetHandleVerifier [0x008926B4+507028]
	GetHandleVerifier [0x00899D97+537463]
	GetHandleVerifier [0x00893252+510002]
	Ordinal0 [0x0078F12C+1110316]
	Ordinal0 [0x0079921B+1151515]
	Ordinal0 [0x00799383+1151875]
	Ordinal0 [0x00798285+1147525]
	BaseThreadInitThunk [0x76DC6359+25]
	RtlGetAppContainerNamedObjectPath [0x76F07B74+228]
	RtlGetAppContainerNamedObjectPath [0x76F07B44+180]

	at java.base/jdk.internal.reflect.NativeConstructorAccessorImpl.newInstance0(Native Method)
	at java.base/jdk.internal.reflect.NativeConstructorAccessorImpl.newInstance(NativeConstructorAccessorImpl.java:62)
	at java.base/jdk.internal.reflect.DelegatingConstructorAccessorImpl.newInstance(DelegatingConstructorAccessorImpl.java:45)
	at java.base/java.lang.reflect.Constructor.newInstanceWithCaller(Constructor.java:500)
	at java.base/java.lang.reflect.Constructor.newInstance(Constructor.java:481)
	at org.openqa.selenium.remote.W3CHandshakeResponse.lambda$errorHandler$0(W3CHandshakeResponse.java:62)
	at org.openqa.selenium.remote.HandshakeResponse.lambda$getResponseFunction$0(HandshakeResponse.java:30)
	at org.openqa.selenium.remote.ProtocolHandshake.lambda$createSession$1(ProtocolHandshake.java:127)
	at java.base/java.util.stream.ReferencePipeline$3$1.accept(ReferencePipeline.java:195)
	at java.base/java.util.Spliterators$ArraySpliterator.tryAdvance(Spliterators.java:958)
	at java.base/java.util.stream.ReferencePipeline.forEachWithCancel(ReferencePipeline.java:127)
	at java.base/java.util.stream.AbstractPipeline.copyIntoWithCancel(AbstractPipeline.java:502)
	at java.base/java.util.stream.AbstractPipeline.copyInto(AbstractPipeline.java:488)
	at java.base/java.util.stream.AbstractPipeline.wrapAndCopyInto(AbstractPipeline.java:474)
	at java.base/java.util.stream.FindOps$FindOp.evaluateSequential(FindOps.java:150)
	at java.base/java.util.stream.AbstractPipeline.evaluate(AbstractPipeline.java:234)
	at java.base/java.util.stream.ReferencePipeline.findFirst(ReferencePipeline.java:543)
	at org.openqa.selenium.remote.ProtocolHandshake.createSession(ProtocolHandshake.java:129)
	at org.openqa.selenium.remote.ProtocolHandshake.createSession(ProtocolHandshake.java:75)
	at org.openqa.selenium.remote.HttpCommandExecutor.execute(HttpCommandExecutor.java:139)
	at org.openqa.selenium.remote.service.DriverCommandExecutor.execute(DriverCommandExecutor.java:83)
	at org.openqa.selenium.remote.RemoteWebDriver.execute(RemoteWebDriver.java:576)
	at org.openqa.selenium.remote.RemoteWebDriver.startSession(RemoteWebDriver.java:210)
	at org.openqa.selenium.remote.RemoteWebDriver.&lt;init&gt;(RemoteWebDriver.java:130)
	at org.openqa.selenium.chromium.ChromiumDriver.&lt;init&gt;(ChromiumDriver.java:73)
	at org.openqa.selenium.chrome.ChromeDriver.&lt;init&gt;(ChromeDriver.java:163)
	at org.openqa.selenium.chrome.ChromeDriver.&lt;init&gt;(ChromeDriver.java:150)
	at org.openqa.selenium.chrome.ChromeDriver.&lt;init&gt;(ChromeDriver.java:105)
	at com.acmt.setUp.SetUp.initialization(SetUp.java:33)
	at com.acmt.testcases.TestACMTHome.setUp(TestACMTHome.java:30)
</failure>
    <system-err>Starting ChromeDriver 79.0.3945.16 (93fcc21110c10dbbd49bbff8f472335360e31d05-refs/branch-heads/3945@{#262}) on port 40133
Only local connections are allowed.
Please protect ports used by ChromeDriver and related test frameworks to prevent access by malicious code.
</system-err>
  </testcase>
  <testcase classname="com.acmt.testcases.TestACMTHome" name="verifyAcmtHomeTitle" time="0">
    <skipped/>
  </testcase>
  <testcase classname="com.acmt.testcases.TestACMTHome" name="tearDown" time="0">
    <skipped/>
  </testcase>
  <testcase classname="com.acmt.testcases.TestBuildYourOwnPage" name="setUp" time="3.469">
    <failure message="session not created: This version of ChromeDriver only supports Chrome version 79
Build info: version: &apos;4.0.0-alpha-2&apos;, revision: &apos;f148142cf8&apos;, time: &apos;2019-07-01T20:55:26&apos;
System info: host: &apos;SWAPNILK&apos;, ip: &apos;172.17.7.90&apos;, os.name: &apos;Windows 10&apos;, os.arch: &apos;amd64&apos;, os.version: &apos;10.0&apos;, java.version: &apos;12.0.1&apos;
Driver info: driver.version: ChromeDriver
remote stacktrace: Backtrace:
	Ordinal0 [0x007F9F93+1548179]
	Ordinal0 [0x0077DC51+1039441]
	Ordinal0 [0x006FE495+517269]
	Ordinal0 [0x0068FD34+64820]
	Ordinal0 [0x0068C61E+50718]
	Ordinal0 [0x006AB797+178071]
	Ordinal0 [0x006AB59D+177565]
	Ordinal0 [0x006A95FB+169467]
	Ordinal0 [0x0069160A+71178]
	Ordinal0 [0x00692690+75408]
	Ordinal0 [0x00692629+75305]
	Ordinal0 [0x00797047+1142855]
	GetHandleVerifier [0x00892996+507766]
	GetHandleVerifier [0x008926B4+507028]
	GetHandleVerifier [0x00899D97+537463]
	GetHandleVerifier [0x00893252+510002]
	Ordinal0 [0x0078F12C+1110316]
	Ordinal0 [0x0079921B+1151515]
	Ordinal0 [0x00799383+1151875]
	Ordinal0 [0x00798285+1147525]
	BaseThreadInitThunk [0x76DC6359+25]
	RtlGetAppContainerNamedObjectPath [0x76F07B74+228]
	RtlGetAppContainerNamedObjectPath [0x76F07B44+180]
" type="org.openqa.selenium.SessionNotCreatedException">org.openqa.selenium.SessionNotCreatedException: session not created: This version of ChromeDriver only supports Chrome version 79
Build info: version: &apos;4.0.0-alpha-2&apos;, revision: &apos;f148142cf8&apos;, time: &apos;2019-07-01T20:55:26&apos;
System info: host: &apos;SWAPNILK&apos;, ip: &apos;172.17.7.90&apos;, os.name: &apos;Windows 10&apos;, os.arch: &apos;amd64&apos;, os.version: &apos;10.0&apos;, java.version: &apos;12.0.1&apos;
Driver info: driver.version: ChromeDriver
remote stacktrace: Backtrace:
	Ordinal0 [0x007F9F93+1548179]
	Ordinal0 [0x0077DC51+1039441]
	Ordinal0 [0x006FE495+517269]
	Ordinal0 [0x0068FD34+64820]
	Ordinal0 [0x0068C61E+50718]
	Ordinal0 [0x006AB797+178071]
	Ordinal0 [0x006AB59D+177565]
	Ordinal0 [0x006A95FB+169467]
	Ordinal0 [0x0069160A+71178]
	Ordinal0 [0x00692690+75408]
	Ordinal0 [0x00692629+75305]
	Ordinal0 [0x00797047+1142855]
	GetHandleVerifier [0x00892996+507766]
	GetHandleVerifier [0x008926B4+507028]
	GetHandleVerifier [0x00899D97+537463]
	GetHandleVerifier [0x00893252+510002]
	Ordinal0 [0x0078F12C+1110316]
	Ordinal0 [0x0079921B+1151515]
	Ordinal0 [0x00799383+1151875]
	Ordinal0 [0x00798285+1147525]
	BaseThreadInitThunk [0x76DC6359+25]
	RtlGetAppContainerNamedObjectPath [0x76F07B74+228]
	RtlGetAppContainerNamedObjectPath [0x76F07B44+180]

	at java.base/jdk.internal.reflect.NativeConstructorAccessorImpl.newInstance0(Native Method)
	at java.base/jdk.internal.reflect.NativeConstructorAccessorImpl.newInstance(NativeConstructorAccessorImpl.java:62)
	at java.base/jdk.internal.reflect.DelegatingConstructorAccessorImpl.newInstance(DelegatingConstructorAccessorImpl.java:45)
	at java.base/java.lang.reflect.Constructor.newInstanceWithCaller(Constructor.java:500)
	at java.base/java.lang.reflect.Constructor.newInstance(Constructor.java:481)
	at org.openqa.selenium.remote.W3CHandshakeResponse.lambda$errorHandler$0(W3CHandshakeResponse.java:62)
	at org.openqa.selenium.remote.HandshakeResponse.lambda$getResponseFunction$0(HandshakeResponse.java:30)
	at org.openqa.selenium.remote.ProtocolHandshake.lambda$createSession$1(ProtocolHandshake.java:127)
	at java.base/java.util.stream.ReferencePipeline$3$1.accept(ReferencePipeline.java:195)
	at java.base/java.util.Spliterators$ArraySpliterator.tryAdvance(Spliterators.java:958)
	at java.base/java.util.stream.ReferencePipeline.forEachWithCancel(ReferencePipeline.java:127)
	at java.base/java.util.stream.AbstractPipeline.copyIntoWithCancel(AbstractPipeline.java:502)
	at java.base/java.util.stream.AbstractPipeline.copyInto(AbstractPipeline.java:488)
	at java.base/java.util.stream.AbstractPipeline.wrapAndCopyInto(AbstractPipeline.java:474)
	at java.base/java.util.stream.FindOps$FindOp.evaluateSequential(FindOps.java:150)
	at java.base/java.util.stream.AbstractPipeline.evaluate(AbstractPipeline.java:234)
	at java.base/java.util.stream.ReferencePipeline.findFirst(ReferencePipeline.java:543)
	at org.openqa.selenium.remote.ProtocolHandshake.createSession(ProtocolHandshake.java:129)
	at org.openqa.selenium.remote.ProtocolHandshake.createSession(ProtocolHandshake.java:75)
	at org.openqa.selenium.remote.HttpCommandExecutor.execute(HttpCommandExecutor.java:139)
	at org.openqa.selenium.remote.service.DriverCommandExecutor.execute(DriverCommandExecutor.java:83)
	at org.openqa.selenium.remote.RemoteWebDriver.execute(RemoteWebDriver.java:576)
	at org.openqa.selenium.remote.RemoteWebDriver.startSession(RemoteWebDriver.java:210)
	at org.openqa.selenium.remote.RemoteWebDriver.&lt;init&gt;(RemoteWebDriver.java:130)
	at org.openqa.selenium.chromium.ChromiumDriver.&lt;init&gt;(ChromiumDriver.java:73)
	at org.openqa.selenium.chrome.ChromeDriver.&lt;init&gt;(ChromeDriver.java:163)
	at org.openqa.selenium.chrome.ChromeDriver.&lt;init&gt;(ChromeDriver.java:150)
	at org.openqa.selenium.chrome.ChromeDriver.&lt;init&gt;(ChromeDriver.java:105)
	at com.acmt.setUp.SetUp.initialization(SetUp.java:33)
	at com.acmt.testcases.TestBuildYourOwnPage.setUp(TestBuildYourOwnPage.java:33)
</failure>
    <system-err>Starting ChromeDriver 79.0.3945.16 (93fcc21110c10dbbd49bbff8f472335360e31d05-refs/branch-heads/3945@{#262}) on port 8217
Only local connections are allowed.
Please protect ports used by ChromeDriver and related test frameworks to prevent access by malicious code.
</system-err>
  </testcase>
  <testcase classname="com.acmt.testcases.TestBuildYourOwnPage" name="verifyCreateNewTaxonomy" time="0">
    <skipped/>
  </testcase>
  <testcase classname="com.acmt.testcases.TestBuildYourOwnTwoPage" name="setUp" time="3.556">
    <failure message="session not created: This version of ChromeDriver only supports Chrome version 79
Build info: version: &apos;4.0.0-alpha-2&apos;, revision: &apos;f148142cf8&apos;, time: &apos;2019-07-01T20:55:26&apos;
System info: host: &apos;SWAPNILK&apos;, ip: &apos;172.17.7.90&apos;, os.name: &apos;Windows 10&apos;, os.arch: &apos;amd64&apos;, os.version: &apos;10.0&apos;, java.version: &apos;12.0.1&apos;
Driver info: driver.version: ChromeDriver
remote stacktrace: Backtrace:
	Ordinal0 [0x007F9F93+1548179]
	Ordinal0 [0x0077DC51+1039441]
	Ordinal0 [0x006FE495+517269]
	Ordinal0 [0x0068FD34+64820]
	Ordinal0 [0x0068C61E+50718]
	Ordinal0 [0x006AB797+178071]
	Ordinal0 [0x006AB59D+177565]
	Ordinal0 [0x006A95FB+169467]
	Ordinal0 [0x0069160A+71178]
	Ordinal0 [0x00692690+75408]
	Ordinal0 [0x00692629+75305]
	Ordinal0 [0x00797047+1142855]
	GetHandleVerifier [0x00892996+507766]
	GetHandleVerifier [0x008926B4+507028]
	GetHandleVerifier [0x00899D97+537463]
	GetHandleVerifier [0x00893252+510002]
	Ordinal0 [0x0078F12C+1110316]
	Ordinal0 [0x0079921B+1151515]
	Ordinal0 [0x00799383+1151875]
	Ordinal0 [0x00798285+1147525]
	BaseThreadInitThunk [0x76DC6359+25]
	RtlGetAppContainerNamedObjectPath [0x76F07B74+228]
	RtlGetAppContainerNamedObjectPath [0x76F07B44+180]
" type="org.openqa.selenium.SessionNotCreatedException">org.openqa.selenium.SessionNotCreatedException: session not created: This version of ChromeDriver only supports Chrome version 79
Build info: version: &apos;4.0.0-alpha-2&apos;, revision: &apos;f148142cf8&apos;, time: &apos;2019-07-01T20:55:26&apos;
System info: host: &apos;SWAPNILK&apos;, ip: &apos;172.17.7.90&apos;, os.name: &apos;Windows 10&apos;, os.arch: &apos;amd64&apos;, os.version: &apos;10.0&apos;, java.version: &apos;12.0.1&apos;
Driver info: driver.version: ChromeDriver
remote stacktrace: Backtrace:
	Ordinal0 [0x007F9F93+1548179]
	Ordinal0 [0x0077DC51+1039441]
	Ordinal0 [0x006FE495+517269]
	Ordinal0 [0x0068FD34+64820]
	Ordinal0 [0x0068C61E+50718]
	Ordinal0 [0x006AB797+178071]
	Ordinal0 [0x006AB59D+177565]
	Ordinal0 [0x006A95FB+169467]
	Ordinal0 [0x0069160A+71178]
	Ordinal0 [0x00692690+75408]
	Ordinal0 [0x00692629+75305]
	Ordinal0 [0x00797047+1142855]
	GetHandleVerifier [0x00892996+507766]
	GetHandleVerifier [0x008926B4+507028]
	GetHandleVerifier [0x00899D97+537463]
	GetHandleVerifier [0x00893252+510002]
	Ordinal0 [0x0078F12C+1110316]
	Ordinal0 [0x0079921B+1151515]
	Ordinal0 [0x00799383+1151875]
	Ordinal0 [0x00798285+1147525]
	BaseThreadInitThunk [0x76DC6359+25]
	RtlGetAppContainerNamedObjectPath [0x76F07B74+228]
	RtlGetAppContainerNamedObjectPath [0x76F07B44+180]

	at java.base/jdk.internal.reflect.NativeConstructorAccessorImpl.newInstance0(Native Method)
	at java.base/jdk.internal.reflect.NativeConstructorAccessorImpl.newInstance(NativeConstructorAccessorImpl.java:62)
	at java.base/jdk.internal.reflect.DelegatingConstructorAccessorImpl.newInstance(DelegatingConstructorAccessorImpl.java:45)
	at java.base/java.lang.reflect.Constructor.newInstanceWithCaller(Constructor.java:500)
	at java.base/java.lang.reflect.Constructor.newInstance(Constructor.java:481)
	at org.openqa.selenium.remote.W3CHandshakeResponse.lambda$errorHandler$0(W3CHandshakeResponse.java:62)
	at org.openqa.selenium.remote.HandshakeResponse.lambda$getResponseFunction$0(HandshakeResponse.java:30)
	at org.openqa.selenium.remote.ProtocolHandshake.lambda$createSession$1(ProtocolHandshake.java:127)
	at java.base/java.util.stream.ReferencePipeline$3$1.accept(ReferencePipeline.java:195)
	at java.base/java.util.Spliterators$ArraySpliterator.tryAdvance(Spliterators.java:958)
	at java.base/java.util.stream.ReferencePipeline.forEachWithCancel(ReferencePipeline.java:127)
	at java.base/java.util.stream.AbstractPipeline.copyIntoWithCancel(AbstractPipeline.java:502)
	at java.base/java.util.stream.AbstractPipeline.copyInto(AbstractPipeline.java:488)
	at java.base/java.util.stream.AbstractPipeline.wrapAndCopyInto(AbstractPipeline.java:474)
	at java.base/java.util.stream.FindOps$FindOp.evaluateSequential(FindOps.java:150)
	at java.base/java.util.stream.AbstractPipeline.evaluate(AbstractPipeline.java:234)
	at java.base/java.util.stream.ReferencePipeline.findFirst(ReferencePipeline.java:543)
	at org.openqa.selenium.remote.ProtocolHandshake.createSession(ProtocolHandshake.java:129)
	at org.openqa.selenium.remote.ProtocolHandshake.createSession(ProtocolHandshake.java:75)
	at org.openqa.selenium.remote.HttpCommandExecutor.execute(HttpCommandExecutor.java:139)
	at org.openqa.selenium.remote.service.DriverCommandExecutor.execute(DriverCommandExecutor.java:83)
	at org.openqa.selenium.remote.RemoteWebDriver.execute(RemoteWebDriver.java:576)
	at org.openqa.selenium.remote.RemoteWebDriver.startSession(RemoteWebDriver.java:210)
	at org.openqa.selenium.remote.RemoteWebDriver.&lt;init&gt;(RemoteWebDriver.java:130)
	at org.openqa.selenium.chromium.ChromiumDriver.&lt;init&gt;(ChromiumDriver.java:73)
	at org.openqa.selenium.chrome.ChromeDriver.&lt;init&gt;(ChromeDriver.java:163)
	at org.openqa.selenium.chrome.ChromeDriver.&lt;init&gt;(ChromeDriver.java:150)
	at org.openqa.selenium.chrome.ChromeDriver.&lt;init&gt;(ChromeDriver.java:105)
	at com.acmt.setUp.SetUp.initialization(SetUp.java:33)
	at com.acmt.testcases.TestBuildYourOwnTwoPage.setUp(TestBuildYourOwnTwoPage.java:35)
</failure>
    <system-err>Starting ChromeDriver 79.0.3945.16 (93fcc21110c10dbbd49bbff8f472335360e31d05-refs/branch-heads/3945@{#262}) on port 31023
Only local connections are allowed.
Please protect ports used by ChromeDriver and related test frameworks to prevent access by malicious code.
</system-err>
  </testcase>
  <testcase classname="com.acmt.testcases.TestBuildYourOwnTwoPage" name="verifyCreateNewTaxonomy" time="0">
    <skipped/>
  </testcase>
  <testcase classname="com.acmt.testcases.TestCreateProjectStepOnePage" name="setUp" time="3.507">
    <failure message="session not created: This version of ChromeDriver only supports Chrome version 79
Build info: version: &apos;4.0.0-alpha-2&apos;, revision: &apos;f148142cf8&apos;, time: &apos;2019-07-01T20:55:26&apos;
System info: host: &apos;SWAPNILK&apos;, ip: &apos;172.17.7.90&apos;, os.name: &apos;Windows 10&apos;, os.arch: &apos;amd64&apos;, os.version: &apos;10.0&apos;, java.version: &apos;12.0.1&apos;
Driver info: driver.version: ChromeDriver
remote stacktrace: Backtrace:
	Ordinal0 [0x007F9F93+1548179]
	Ordinal0 [0x0077DC51+1039441]
	Ordinal0 [0x006FE495+517269]
	Ordinal0 [0x0068FD34+64820]
	Ordinal0 [0x0068C61E+50718]
	Ordinal0 [0x006AB797+178071]
	Ordinal0 [0x006AB59D+177565]
	Ordinal0 [0x006A95FB+169467]
	Ordinal0 [0x0069160A+71178]
	Ordinal0 [0x00692690+75408]
	Ordinal0 [0x00692629+75305]
	Ordinal0 [0x00797047+1142855]
	GetHandleVerifier [0x00892996+507766]
	GetHandleVerifier [0x008926B4+507028]
	GetHandleVerifier [0x00899D97+537463]
	GetHandleVerifier [0x00893252+510002]
	Ordinal0 [0x0078F12C+1110316]
	Ordinal0 [0x0079921B+1151515]
	Ordinal0 [0x00799383+1151875]
	Ordinal0 [0x00798285+1147525]
	BaseThreadInitThunk [0x76DC6359+25]
	RtlGetAppContainerNamedObjectPath [0x76F07B74+228]
	RtlGetAppContainerNamedObjectPath [0x76F07B44+180]
" type="org.openqa.selenium.SessionNotCreatedException">org.openqa.selenium.SessionNotCreatedException: session not created: This version of ChromeDriver only supports Chrome version 79
Build info: version: &apos;4.0.0-alpha-2&apos;, revision: &apos;f148142cf8&apos;, time: &apos;2019-07-01T20:55:26&apos;
System info: host: &apos;SWAPNILK&apos;, ip: &apos;172.17.7.90&apos;, os.name: &apos;Windows 10&apos;, os.arch: &apos;amd64&apos;, os.version: &apos;10.0&apos;, java.version: &apos;12.0.1&apos;
Driver info: driver.version: ChromeDriver
remote stacktrace: Backtrace:
	Ordinal0 [0x007F9F93+1548179]
	Ordinal0 [0x0077DC51+1039441]
	Ordinal0 [0x006FE495+517269]
	Ordinal0 [0x0068FD34+64820]
	Ordinal0 [0x0068C61E+50718]
	Ordinal0 [0x006AB797+178071]
	Ordinal0 [0x006AB59D+177565]
	Ordinal0 [0x006A95FB+169467]
	Ordinal0 [0x0069160A+71178]
	Ordinal0 [0x00692690+75408]
	Ordinal0 [0x00692629+75305]
	Ordinal0 [0x00797047+1142855]
	GetHandleVerifier [0x00892996+507766]
	GetHandleVerifier [0x008926B4+507028]
	GetHandleVerifier [0x00899D97+537463]
	GetHandleVerifier [0x00893252+510002]
	Ordinal0 [0x0078F12C+1110316]
	Ordinal0 [0x0079921B+1151515]
	Ordinal0 [0x00799383+1151875]
	Ordinal0 [0x00798285+1147525]
	BaseThreadInitThunk [0x76DC6359+25]
	RtlGetAppContainerNamedObjectPath [0x76F07B74+228]
	RtlGetAppContainerNamedObjectPath [0x76F07B44+180]

	at java.base/jdk.internal.reflect.NativeConstructorAccessorImpl.newInstance0(Native Method)
	at java.base/jdk.internal.reflect.NativeConstructorAccessorImpl.newInstance(NativeConstructorAccessorImpl.java:62)
	at java.base/jdk.internal.reflect.DelegatingConstructorAccessorImpl.newInstance(DelegatingConstructorAccessorImpl.java:45)
	at java.base/java.lang.reflect.Constructor.newInstanceWithCaller(Constructor.java:500)
	at java.base/java.lang.reflect.Constructor.newInstance(Constructor.java:481)
	at org.openqa.selenium.remote.W3CHandshakeResponse.lambda$errorHandler$0(W3CHandshakeResponse.java:62)
	at org.openqa.selenium.remote.HandshakeResponse.lambda$getResponseFunction$0(HandshakeResponse.java:30)
	at org.openqa.selenium.remote.ProtocolHandshake.lambda$createSession$1(ProtocolHandshake.java:127)
	at java.base/java.util.stream.ReferencePipeline$3$1.accept(ReferencePipeline.java:195)
	at java.base/java.util.Spliterators$ArraySpliterator.tryAdvance(Spliterators.java:958)
	at java.base/java.util.stream.ReferencePipeline.forEachWithCancel(ReferencePipeline.java:127)
	at java.base/java.util.stream.AbstractPipeline.copyIntoWithCancel(AbstractPipeline.java:502)
	at java.base/java.util.stream.AbstractPipeline.copyInto(AbstractPipeline.java:488)
	at java.base/java.util.stream.AbstractPipeline.wrapAndCopyInto(AbstractPipeline.java:474)
	at java.base/java.util.stream.FindOps$FindOp.evaluateSequential(FindOps.java:150)
	at java.base/java.util.stream.AbstractPipeline.evaluate(AbstractPipeline.java:234)
	at java.base/java.util.stream.ReferencePipeline.findFirst(ReferencePipeline.java:543)
	at org.openqa.selenium.remote.ProtocolHandshake.createSession(ProtocolHandshake.java:129)
	at org.openqa.selenium.remote.ProtocolHandshake.createSession(ProtocolHandshake.java:75)
	at org.openqa.selenium.remote.HttpCommandExecutor.execute(HttpCommandExecutor.java:139)
	at org.openqa.selenium.remote.service.DriverCommandExecutor.execute(DriverCommandExecutor.java:83)
	at org.openqa.selenium.remote.RemoteWebDriver.execute(RemoteWebDriver.java:576)
	at org.openqa.selenium.remote.RemoteWebDriver.startSession(RemoteWebDriver.java:210)
	at org.openqa.selenium.remote.RemoteWebDriver.&lt;init&gt;(RemoteWebDriver.java:130)
	at org.openqa.selenium.chromium.ChromiumDriver.&lt;init&gt;(ChromiumDriver.java:73)
	at org.openqa.selenium.chrome.ChromeDriver.&lt;init&gt;(ChromeDriver.java:163)
	at org.openqa.selenium.chrome.ChromeDriver.&lt;init&gt;(ChromeDriver.java:150)
	at org.openqa.selenium.chrome.ChromeDriver.&lt;init&gt;(ChromeDriver.java:105)
	at com.acmt.setUp.SetUp.initialization(SetUp.java:33)
	at com.acmt.testcases.TestCreateProjectStepOnePage.setUp(TestCreateProjectStepOnePage.java:35)
</failure>
    <system-err>Starting ChromeDriver 79.0.3945.16 (93fcc21110c10dbbd49bbff8f472335360e31d05-refs/branch-heads/3945@{#262}) on port 36051
Only local connections are allowed.
Please protect ports used by ChromeDriver and related test frameworks to prevent access by malicious code.
</system-err>
  </testcase>
  <testcase classname="com.acmt.testcases.TestCreateProjectStepOnePage" name="verifyCreateNewProject" time="0">
    <skipped/>
  </testcase>
  <testcase classname="com.acmt.testcases.TestCreateProjectStepOnePage" name="tearDown" time="0">
    <skipped/>
  </testcase>
  <testcase classname="com.acmt.testcases.TestHomePage" name="setUp" time="3.686">
    <failure message="session not created: This version of ChromeDriver only supports Chrome version 79
Build info: version: &apos;4.0.0-alpha-2&apos;, revision: &apos;f148142cf8&apos;, time: &apos;2019-07-01T20:55:26&apos;
System info: host: &apos;SWAPNILK&apos;, ip: &apos;172.17.7.90&apos;, os.name: &apos;Windows 10&apos;, os.arch: &apos;amd64&apos;, os.version: &apos;10.0&apos;, java.version: &apos;12.0.1&apos;
Driver info: driver.version: ChromeDriver
remote stacktrace: Backtrace:
	Ordinal0 [0x007F9F93+1548179]
	Ordinal0 [0x0077DC51+1039441]
	Ordinal0 [0x006FE495+517269]
	Ordinal0 [0x0068FD34+64820]
	Ordinal0 [0x0068C61E+50718]
	Ordinal0 [0x006AB797+178071]
	Ordinal0 [0x006AB59D+177565]
	Ordinal0 [0x006A95FB+169467]
	Ordinal0 [0x0069160A+71178]
	Ordinal0 [0x00692690+75408]
	Ordinal0 [0x00692629+75305]
	Ordinal0 [0x00797047+1142855]
	GetHandleVerifier [0x00892996+507766]
	GetHandleVerifier [0x008926B4+507028]
	GetHandleVerifier [0x00899D97+537463]
	GetHandleVerifier [0x00893252+510002]
	Ordinal0 [0x0078F12C+1110316]
	Ordinal0 [0x0079921B+1151515]
	Ordinal0 [0x00799383+1151875]
	Ordinal0 [0x00798285+1147525]
	BaseThreadInitThunk [0x76DC6359+25]
	RtlGetAppContainerNamedObjectPath [0x76F07B74+228]
	RtlGetAppContainerNamedObjectPath [0x76F07B44+180]
" type="org.openqa.selenium.SessionNotCreatedException">org.openqa.selenium.SessionNotCreatedException: session not created: This version of ChromeDriver only supports Chrome version 79
Build info: version: &apos;4.0.0-alpha-2&apos;, revision: &apos;f148142cf8&apos;, time: &apos;2019-07-01T20:55:26&apos;
System info: host: &apos;SWAPNILK&apos;, ip: &apos;172.17.7.90&apos;, os.name: &apos;Windows 10&apos;, os.arch: &apos;amd64&apos;, os.version: &apos;10.0&apos;, java.version: &apos;12.0.1&apos;
Driver info: driver.version: ChromeDriver
remote stacktrace: Backtrace:
	Ordinal0 [0x007F9F93+1548179]
	Ordinal0 [0x0077DC51+1039441]
	Ordinal0 [0x006FE495+517269]
	Ordinal0 [0x0068FD34+64820]
	Ordinal0 [0x0068C61E+50718]
	Ordinal0 [0x006AB797+178071]
	Ordinal0 [0x006AB59D+177565]
	Ordinal0 [0x006A95FB+169467]
	Ordinal0 [0x0069160A+71178]
	Ordinal0 [0x00692690+75408]
	Ordinal0 [0x00692629+75305]
	Ordinal0 [0x00797047+1142855]
	GetHandleVerifier [0x00892996+507766]
	GetHandleVerifier [0x008926B4+507028]
	GetHandleVerifier [0x00899D97+537463]
	GetHandleVerifier [0x00893252+510002]
	Ordinal0 [0x0078F12C+1110316]
	Ordinal0 [0x0079921B+1151515]
	Ordinal0 [0x00799383+1151875]
	Ordinal0 [0x00798285+1147525]
	BaseThreadInitThunk [0x76DC6359+25]
	RtlGetAppContainerNamedObjectPath [0x76F07B74+228]
	RtlGetAppContainerNamedObjectPath [0x76F07B44+180]

	at java.base/jdk.internal.reflect.NativeConstructorAccessorImpl.newInstance0(Native Method)
	at java.base/jdk.internal.reflect.NativeConstructorAccessorImpl.newInstance(NativeConstructorAccessorImpl.java:62)
	at java.base/jdk.internal.reflect.DelegatingConstructorAccessorImpl.newInstance(DelegatingConstructorAccessorImpl.java:45)
	at java.base/java.lang.reflect.Constructor.newInstanceWithCaller(Constructor.java:500)
	at java.base/java.lang.reflect.Constructor.newInstance(Constructor.java:481)
	at org.openqa.selenium.remote.W3CHandshakeResponse.lambda$errorHandler$0(W3CHandshakeResponse.java:62)
	at org.openqa.selenium.remote.HandshakeResponse.lambda$getResponseFunction$0(HandshakeResponse.java:30)
	at org.openqa.selenium.remote.ProtocolHandshake.lambda$createSession$1(ProtocolHandshake.java:127)
	at java.base/java.util.stream.ReferencePipeline$3$1.accept(ReferencePipeline.java:195)
	at java.base/java.util.Spliterators$ArraySpliterator.tryAdvance(Spliterators.java:958)
	at java.base/java.util.stream.ReferencePipeline.forEachWithCancel(ReferencePipeline.java:127)
	at java.base/java.util.stream.AbstractPipeline.copyIntoWithCancel(AbstractPipeline.java:502)
	at java.base/java.util.stream.AbstractPipeline.copyInto(AbstractPipeline.java:488)
	at java.base/java.util.stream.AbstractPipeline.wrapAndCopyInto(AbstractPipeline.java:474)
	at java.base/java.util.stream.FindOps$FindOp.evaluateSequential(FindOps.java:150)
	at java.base/java.util.stream.AbstractPipeline.evaluate(AbstractPipeline.java:234)
	at java.base/java.util.stream.ReferencePipeline.findFirst(ReferencePipeline.java:543)
	at org.openqa.selenium.remote.ProtocolHandshake.createSession(ProtocolHandshake.java:129)
	at org.openqa.selenium.remote.ProtocolHandshake.createSession(ProtocolHandshake.java:75)
	at org.openqa.selenium.remote.HttpCommandExecutor.execute(HttpCommandExecutor.java:139)
	at org.openqa.selenium.remote.service.DriverCommandExecutor.execute(DriverCommandExecutor.java:83)
	at org.openqa.selenium.remote.RemoteWebDriver.execute(RemoteWebDriver.java:576)
	at org.openqa.selenium.remote.RemoteWebDriver.startSession(RemoteWebDriver.java:210)
	at org.openqa.selenium.remote.RemoteWebDriver.&lt;init&gt;(RemoteWebDriver.java:130)
	at org.openqa.selenium.chromium.ChromiumDriver.&lt;init&gt;(ChromiumDriver.java:73)
	at org.openqa.selenium.chrome.ChromeDriver.&lt;init&gt;(ChromeDriver.java:163)
	at org.openqa.selenium.chrome.ChromeDriver.&lt;init&gt;(ChromeDriver.java:150)
	at org.openqa.selenium.chrome.ChromeDriver.&lt;init&gt;(ChromeDriver.java:105)
	at com.acmt.setUp.SetUp.initialization(SetUp.java:33)
	at com.acmt.testcases.TestHomePage.setUp(TestHomePage.java:24)
</failure>
    <system-err>Starting ChromeDriver 79.0.3945.16 (93fcc21110c10dbbd49bbff8f472335360e31d05-refs/branch-heads/3945@{#262}) on port 24620
Only local connections are allowed.
Please protect ports used by ChromeDriver and related test frameworks to prevent access by malicious code.
</system-err>
  </testcase>
  <testcase classname="com.acmt.testcases.TestHomePage" name="verifyHome" time="0.001">
    <skipped/>
  </testcase>
  <testcase classname="com.acmt.testcases.TestHomePage" name="tearDown" time="0.001">
    <skipped/>
  </testcase>
  <testcase classname="com.acmt.testcases.TestImportFileTax" name="setUp" time="4.104">
    <failure message="session not created: This version of ChromeDriver only supports Chrome version 79
Build info: version: &apos;4.0.0-alpha-2&apos;, revision: &apos;f148142cf8&apos;, time: &apos;2019-07-01T20:55:26&apos;
System info: host: &apos;SWAPNILK&apos;, ip: &apos;172.17.7.90&apos;, os.name: &apos;Windows 10&apos;, os.arch: &apos;amd64&apos;, os.version: &apos;10.0&apos;, java.version: &apos;12.0.1&apos;
Driver info: driver.version: ChromeDriver
remote stacktrace: Backtrace:
	Ordinal0 [0x007F9F93+1548179]
	Ordinal0 [0x0077DC51+1039441]
	Ordinal0 [0x006FE495+517269]
	Ordinal0 [0x0068FD34+64820]
	Ordinal0 [0x0068C61E+50718]
	Ordinal0 [0x006AB797+178071]
	Ordinal0 [0x006AB59D+177565]
	Ordinal0 [0x006A95FB+169467]
	Ordinal0 [0x0069160A+71178]
	Ordinal0 [0x00692690+75408]
	Ordinal0 [0x00692629+75305]
	Ordinal0 [0x00797047+1142855]
	GetHandleVerifier [0x00892996+507766]
	GetHandleVerifier [0x008926B4+507028]
	GetHandleVerifier [0x00899D97+537463]
	GetHandleVerifier [0x00893252+510002]
	Ordinal0 [0x0078F12C+1110316]
	Ordinal0 [0x0079921B+1151515]
	Ordinal0 [0x00799383+1151875]
	Ordinal0 [0x00798285+1147525]
	BaseThreadInitThunk [0x76DC6359+25]
	RtlGetAppContainerNamedObjectPath [0x76F07B74+228]
	RtlGetAppContainerNamedObjectPath [0x76F07B44+180]
" type="org.openqa.selenium.SessionNotCreatedException">org.openqa.selenium.SessionNotCreatedException: session not created: This version of ChromeDriver only supports Chrome version 79
Build info: version: &apos;4.0.0-alpha-2&apos;, revision: &apos;f148142cf8&apos;, time: &apos;2019-07-01T20:55:26&apos;
System info: host: &apos;SWAPNILK&apos;, ip: &apos;172.17.7.90&apos;, os.name: &apos;Windows 10&apos;, os.arch: &apos;amd64&apos;, os.version: &apos;10.0&apos;, java.version: &apos;12.0.1&apos;
Driver info: driver.version: ChromeDriver
remote stacktrace: Backtrace:
	Ordinal0 [0x007F9F93+1548179]
	Ordinal0 [0x0077DC51+1039441]
	Ordinal0 [0x006FE495+517269]
	Ordinal0 [0x0068FD34+64820]
	Ordinal0 [0x0068C61E+50718]
	Ordinal0 [0x006AB797+178071]
	Ordinal0 [0x006AB59D+177565]
	Ordinal0 [0x006A95FB+169467]
	Ordinal0 [0x0069160A+71178]
	Ordinal0 [0x00692690+75408]
	Ordinal0 [0x00692629+75305]
	Ordinal0 [0x00797047+1142855]
	GetHandleVerifier [0x00892996+507766]
	GetHandleVerifier [0x008926B4+507028]
	GetHandleVerifier [0x00899D97+537463]
	GetHandleVerifier [0x00893252+510002]
	Ordinal0 [0x0078F12C+1110316]
	Ordinal0 [0x0079921B+1151515]
	Ordinal0 [0x00799383+1151875]
	Ordinal0 [0x00798285+1147525]
	BaseThreadInitThunk [0x76DC6359+25]
	RtlGetAppContainerNamedObjectPath [0x76F07B74+228]
	RtlGetAppContainerNamedObjectPath [0x76F07B44+180]

	at java.base/jdk.internal.reflect.NativeConstructorAccessorImpl.newInstance0(Native Method)
	at java.base/jdk.internal.reflect.NativeConstructorAccessorImpl.newInstance(NativeConstructorAccessorImpl.java:62)
	at java.base/jdk.internal.reflect.DelegatingConstructorAccessorImpl.newInstance(DelegatingConstructorAccessorImpl.java:45)
	at java.base/java.lang.reflect.Constructor.newInstanceWithCaller(Constructor.java:500)
	at java.base/java.lang.reflect.Constructor.newInstance(Constructor.java:481)
	at org.openqa.selenium.remote.W3CHandshakeResponse.lambda$errorHandler$0(W3CHandshakeResponse.java:62)
	at org.openqa.selenium.remote.HandshakeResponse.lambda$getResponseFunction$0(HandshakeResponse.java:30)
	at org.openqa.selenium.remote.ProtocolHandshake.lambda$createSession$1(ProtocolHandshake.java:127)
	at java.base/java.util.stream.ReferencePipeline$3$1.accept(ReferencePipeline.java:195)
	at java.base/java.util.Spliterators$ArraySpliterator.tryAdvance(Spliterators.java:958)
	at java.base/java.util.stream.ReferencePipeline.forEachWithCancel(ReferencePipeline.java:127)
	at java.base/java.util.stream.AbstractPipeline.copyIntoWithCancel(AbstractPipeline.java:502)
	at java.base/java.util.stream.AbstractPipeline.copyInto(AbstractPipeline.java:488)
	at java.base/java.util.stream.AbstractPipeline.wrapAndCopyInto(AbstractPipeline.java:474)
	at java.base/java.util.stream.FindOps$FindOp.evaluateSequential(FindOps.java:150)
	at java.base/java.util.stream.AbstractPipeline.evaluate(AbstractPipeline.java:234)
	at java.base/java.util.stream.ReferencePipeline.findFirst(ReferencePipeline.java:543)
	at org.openqa.selenium.remote.ProtocolHandshake.createSession(ProtocolHandshake.java:129)
	at org.openqa.selenium.remote.ProtocolHandshake.createSession(ProtocolHandshake.java:75)
	at org.openqa.selenium.remote.HttpCommandExecutor.execute(HttpCommandExecutor.java:139)
	at org.openqa.selenium.remote.service.DriverCommandExecutor.execute(DriverCommandExecutor.java:83)
	at org.openqa.selenium.remote.RemoteWebDriver.execute(RemoteWebDriver.java:576)
	at org.openqa.selenium.remote.RemoteWebDriver.startSession(RemoteWebDriver.java:210)
	at org.openqa.selenium.remote.RemoteWebDriver.&lt;init&gt;(RemoteWebDriver.java:130)
	at org.openqa.selenium.chromium.ChromiumDriver.&lt;init&gt;(ChromiumDriver.java:73)
	at org.openqa.selenium.chrome.ChromeDriver.&lt;init&gt;(ChromeDriver.java:163)
	at org.openqa.selenium.chrome.ChromeDriver.&lt;init&gt;(ChromeDriver.java:150)
	at org.openqa.selenium.chrome.ChromeDriver.&lt;init&gt;(ChromeDriver.java:105)
	at com.acmt.setUp.SetUp.initialization(SetUp.java:33)
	at com.acmt.testcases.TestImportFileTax.setUp(TestImportFileTax.java:41)
</failure>
    <system-err>Starting ChromeDriver 79.0.3945.16 (93fcc21110c10dbbd49bbff8f472335360e31d05-refs/branch-heads/3945@{#262}) on port 34068
Only local connections are allowed.
Please protect ports used by ChromeDriver and related test frameworks to prevent access by malicious code.
</system-err>
  </testcase>
  <testcase classname="com.acmt.testcases.TestImportFileTax" name="checkImportTaxonomy" time="0">
    <skipped/>
  </testcase>
  <testcase classname="com.acmt.testcases.TestImportFileTax" name="tearDown" time="0.001">
    <skipped/>
  </testcase>
  <testcase classname="com.acmt.testcases.TestInsideTaxonomyPage" name="setUp" time="3.694">
    <failure message="session not created: This version of ChromeDriver only supports Chrome version 79
Build info: version: &apos;4.0.0-alpha-2&apos;, revision: &apos;f148142cf8&apos;, time: &apos;2019-07-01T20:55:26&apos;
System info: host: &apos;SWAPNILK&apos;, ip: &apos;172.17.7.90&apos;, os.name: &apos;Windows 10&apos;, os.arch: &apos;amd64&apos;, os.version: &apos;10.0&apos;, java.version: &apos;12.0.1&apos;
Driver info: driver.version: ChromeDriver
remote stacktrace: Backtrace:
	Ordinal0 [0x007F9F93+1548179]
	Ordinal0 [0x0077DC51+1039441]
	Ordinal0 [0x006FE495+517269]
	Ordinal0 [0x0068FD34+64820]
	Ordinal0 [0x0068C61E+50718]
	Ordinal0 [0x006AB797+178071]
	Ordinal0 [0x006AB59D+177565]
	Ordinal0 [0x006A95FB+169467]
	Ordinal0 [0x0069160A+71178]
	Ordinal0 [0x00692690+75408]
	Ordinal0 [0x00692629+75305]
	Ordinal0 [0x00797047+1142855]
	GetHandleVerifier [0x00892996+507766]
	GetHandleVerifier [0x008926B4+507028]
	GetHandleVerifier [0x00899D97+537463]
	GetHandleVerifier [0x00893252+510002]
	Ordinal0 [0x0078F12C+1110316]
	Ordinal0 [0x0079921B+1151515]
	Ordinal0 [0x00799383+1151875]
	Ordinal0 [0x00798285+1147525]
	BaseThreadInitThunk [0x76DC6359+25]
	RtlGetAppContainerNamedObjectPath [0x76F07B74+228]
	RtlGetAppContainerNamedObjectPath [0x76F07B44+180]
" type="org.openqa.selenium.SessionNotCreatedException">org.openqa.selenium.SessionNotCreatedException: session not created: This version of ChromeDriver only supports Chrome version 79
Build info: version: &apos;4.0.0-alpha-2&apos;, revision: &apos;f148142cf8&apos;, time: &apos;2019-07-01T20:55:26&apos;
System info: host: &apos;SWAPNILK&apos;, ip: &apos;172.17.7.90&apos;, os.name: &apos;Windows 10&apos;, os.arch: &apos;amd64&apos;, os.version: &apos;10.0&apos;, java.version: &apos;12.0.1&apos;
Driver info: driver.version: ChromeDriver
remote stacktrace: Backtrace:
	Ordinal0 [0x007F9F93+1548179]
	Ordinal0 [0x0077DC51+1039441]
	Ordinal0 [0x006FE495+517269]
	Ordinal0 [0x0068FD34+64820]
	Ordinal0 [0x0068C61E+50718]
	Ordinal0 [0x006AB797+178071]
	Ordinal0 [0x006AB59D+177565]
	Ordinal0 [0x006A95FB+169467]
	Ordinal0 [0x0069160A+71178]
	Ordinal0 [0x00692690+75408]
	Ordinal0 [0x00692629+75305]
	Ordinal0 [0x00797047+1142855]
	GetHandleVerifier [0x00892996+507766]
	GetHandleVerifier [0x008926B4+507028]
	GetHandleVerifier [0x00899D97+537463]
	GetHandleVerifier [0x00893252+510002]
	Ordinal0 [0x0078F12C+1110316]
	Ordinal0 [0x0079921B+1151515]
	Ordinal0 [0x00799383+1151875]
	Ordinal0 [0x00798285+1147525]
	BaseThreadInitThunk [0x76DC6359+25]
	RtlGetAppContainerNamedObjectPath [0x76F07B74+228]
	RtlGetAppContainerNamedObjectPath [0x76F07B44+180]

	at java.base/jdk.internal.reflect.NativeConstructorAccessorImpl.newInstance0(Native Method)
	at java.base/jdk.internal.reflect.NativeConstructorAccessorImpl.newInstance(NativeConstructorAccessorImpl.java:62)
	at java.base/jdk.internal.reflect.DelegatingConstructorAccessorImpl.newInstance(DelegatingConstructorAccessorImpl.java:45)
	at java.base/java.lang.reflect.Constructor.newInstanceWithCaller(Constructor.java:500)
	at java.base/java.lang.reflect.Constructor.newInstance(Constructor.java:481)
	at org.openqa.selenium.remote.W3CHandshakeResponse.lambda$errorHandler$0(W3CHandshakeResponse.java:62)
	at org.openqa.selenium.remote.HandshakeResponse.lambda$getResponseFunction$0(HandshakeResponse.java:30)
	at org.openqa.selenium.remote.ProtocolHandshake.lambda$createSession$1(ProtocolHandshake.java:127)
	at java.base/java.util.stream.ReferencePipeline$3$1.accept(ReferencePipeline.java:195)
	at java.base/java.util.Spliterators$ArraySpliterator.tryAdvance(Spliterators.java:958)
	at java.base/java.util.stream.ReferencePipeline.forEachWithCancel(ReferencePipeline.java:127)
	at java.base/java.util.stream.AbstractPipeline.copyIntoWithCancel(AbstractPipeline.java:502)
	at java.base/java.util.stream.AbstractPipeline.copyInto(AbstractPipeline.java:488)
	at java.base/java.util.stream.AbstractPipeline.wrapAndCopyInto(AbstractPipeline.java:474)
	at java.base/java.util.stream.FindOps$FindOp.evaluateSequential(FindOps.java:150)
	at java.base/java.util.stream.AbstractPipeline.evaluate(AbstractPipeline.java:234)
	at java.base/java.util.stream.ReferencePipeline.findFirst(ReferencePipeline.java:543)
	at org.openqa.selenium.remote.ProtocolHandshake.createSession(ProtocolHandshake.java:129)
	at org.openqa.selenium.remote.ProtocolHandshake.createSession(ProtocolHandshake.java:75)
	at org.openqa.selenium.remote.HttpCommandExecutor.execute(HttpCommandExecutor.java:139)
	at org.openqa.selenium.remote.service.DriverCommandExecutor.execute(DriverCommandExecutor.java:83)
	at org.openqa.selenium.remote.RemoteWebDriver.execute(RemoteWebDriver.java:576)
	at org.openqa.selenium.remote.RemoteWebDriver.startSession(RemoteWebDriver.java:210)
	at org.openqa.selenium.remote.RemoteWebDriver.&lt;init&gt;(RemoteWebDriver.java:130)
	at org.openqa.selenium.chromium.ChromiumDriver.&lt;init&gt;(ChromiumDriver.java:73)
	at org.openqa.selenium.chrome.ChromeDriver.&lt;init&gt;(ChromeDriver.java:163)
	at org.openqa.selenium.chrome.ChromeDriver.&lt;init&gt;(ChromeDriver.java:150)
	at org.openqa.selenium.chrome.ChromeDriver.&lt;init&gt;(ChromeDriver.java:105)
	at com.acmt.setUp.SetUp.initialization(SetUp.java:33)
	at com.acmt.testcases.TestInsideTaxonomyPage.setUp(TestInsideTaxonomyPage.java:38)
</failure>
    <system-err>Starting ChromeDriver 79.0.3945.16 (93fcc21110c10dbbd49bbff8f472335360e31d05-refs/branch-heads/3945@{#262}) on port 36659
Only local connections are allowed.
Please protect ports used by ChromeDriver and related test frameworks to prevent access by malicious code.
</system-err>
  </testcase>
  <testcase classname="com.acmt.testcases.TestInsideTaxonomyPage" name="verifyInsideTaxonomy" time="0">
    <skipped/>
  </testcase>
  <testcase classname="com.acmt.testcases.TestInsideTaxonomyPage" name="tearDown" time="0">
    <skipped/>
  </testcase>
  <testcase classname="com.acmt.testcases.TestProjectsPage" name="setUp" time="0.001">
    <skipped/>
  </testcase>
  <testcase classname="com.acmt.testcases.TestProjectsPage" name="verifyAddedProject" time="0">
    <skipped/>
  </testcase>
  <testcase classname="com.acmt.testcases.TestProjectsPage" name="tearDown" time="0">
    <failure type="java.lang.NullPointerException">java.lang.NullPointerException
	at com.acmt.testcases.TestProjectsPage.tearDown(TestProjectsPage.java:87)
</failure>
  </testcase>
  <testcase classname="com.acmt.testcases.TestTaxonomiesPage" name="setUp" time="0.001">
    <skipped/>
  </testcase>
  <testcase classname="com.acmt.testcases.TestTaxonomiesPage" name="verifyAddedTaxonomy" time="0">
    <skipped/>
  </testcase>
  <testcase classname="com.acmt.testcases.TestTaxonomiesPage" name="tearDown" time="0">
    <skipped/>
  </testcase>
</testsuite>